[ 2017-11-03T14:05:58+08:00 ] 127.0.0.1 /schoolinfo/index.php/student/login
INFO: [ app_init ] --START--
INFO: Run Behavior\BuildLiteBehavior [ RunTime:0.000000s ]
INFO: [ app_init ] --END-- [ RunTime:0.000000s ]
ERR: 无法加载模块:Student

[ 2017-11-03T14:07:55+08:00 ] 127.0.0.1 /schoolinfo/index.php/student/login
INFO: [ app_init ] --START--
INFO: Run Behavior\BuildLiteBehavior [ RunTime:0.000000s ]
INFO: [ app_init ] --END-- [ RunTime:0.001000s ]
ERR: 无法加载模块:Student

[ 2017-11-03T14:08:07+08:00 ] 127.0.0.1 /schoolinfo/index.php/student
INFO: [ app_init ] --START--
INFO: Run Behavior\BuildLiteBehavior [ RunTime:0.000000s ]
INFO: [ app_init ] --END-- [ RunTime:0.000000s ]
ERR: 无法加载模块:Student

[ 2017-11-03T14:08:16+08:00 ] 127.0.0.1 /schoolinfo/index.php/student/index
INFO: [ app_init ] --START--
INFO: Run Behavior\BuildLiteBehavior [ RunTime:0.000000s ]
INFO: [ app_init ] --END-- [ RunTime:0.002001s ]
ERR: 无法加载模块:Student

