[ 2017-12-17T13:42:05+08:00 ] ::1 /lwblog/index.php/Home/home/
INFO: [ app_init ] --START--
INFO: Run Behavior\BuildLiteBehavior [ RunTime:0.000037s ]
INFO: [ app_init ] --END-- [ RunTime:0.054134s ]
INFO: [ app_begin ] --START--
INFO: Run Behavior\ReadHtmlCacheBehavior [ RunTime:0.017557s ]
INFO: [ app_begin ] --END-- [ RunTime:0.017616s ]
SQL: SHOW COLUMNS FROM `info_blog` [ RunTime:0.0010s ]
SQL: SHOW COLUMNS FROM `info_ad` [ RunTime:0.0006s ]
SQL: SELECT COUNT(*) AS tp_count FROM `info_blog` LIMIT 1   [ RunTime:0.0436s ]
SQL: SELECT COUNT(*) AS tp_count FROM `info_ad` LIMIT 1   [ RunTime:0.0126s ]
SQL: SELECT * FROM `info_ad`  [ RunTime:0.0003s ]
SQL: SELECT * FROM `info_blog` ORDER BY `rtime` desc LIMIT 0,10   [ RunTime:0.0514s ]
SQL: SELECT * FROM `info_blog` ORDER BY `rtime` desc LIMIT 0,5   [ RunTime:0.0003s ]
SQL: SELECT * FROM `info_blog` ORDER BY `looknum` desc LIMIT 0,5   [ RunTime:0.0002s ]
INFO: [ view_parse ] --START--
INFO: [ template_filter ] --START--
INFO: Run Behavior\ContentReplaceBehavior [ RunTime:0.037058s ]
INFO: [ template_filter ] --END-- [ RunTime:0.037122s ]
NOTIC: [8] Undefined index: id D:\PHP\Apache24\htdocs\lwblog\Application\Runtime\Cache\Home\d7afc08e88068689bd04637b9b480409.php 第 49 行.
NOTIC: [8] Undefined variable: settings D:\PHP\Apache24\htdocs\lwblog\Application\Runtime\Cache\Home\d7afc08e88068689bd04637b9b480409.php 第 199 行.
INFO: Run Behavior\ParseTemplateBehavior [ RunTime:0.541938s ]
INFO: [ view_parse ] --END-- [ RunTime:0.541962s ]
INFO: [ view_filter ] --START--
INFO: Run Behavior\WriteHtmlCacheBehavior [ RunTime:0.033666s ]
INFO: [ view_filter ] --END-- [ RunTime:0.033696s ]
INFO: [ app_end ] --START--
INFO: Run Behavior\ShowPageTraceBehavior [ RunTime:0.010957s ]
INFO: [ app_end ] --END-- [ RunTime:0.011004s ]

