[ 2017-12-01T19:10:01+08:00 ] ::1 /blog2/index.php/home/home/index.html
INFO: [ app_init ] --START--
INFO: Run Behavior\BuildLiteBehavior [ RunTime:0.000008s ]
INFO: [ app_init ] --END-- [ RunTime:0.000267s ]
INFO: [ app_begin ] --START--
INFO: Run Behavior\ReadHtmlCacheBehavior [ RunTime:0.000344s ]
INFO: [ app_begin ] --END-- [ RunTime:0.000367s ]
SQL: SHOW COLUMNS FROM `info_blog` [ RunTime:0.0005s ]
SQL: SELECT COUNT(*) AS tp_count FROM `info_blog` LIMIT 1   [ RunTime:0.0001s ]
SQL: SELECT * FROM `info_blog` ORDER BY `rtime` desc LIMIT 0,10   [ RunTime:0.0009s ]
SQL: SELECT * FROM `info_blog` ORDER BY `rtime` desc LIMIT 0,5   [ RunTime:0.0004s ]
SQL: SELECT * FROM `info_blog` ORDER BY `looknum` desc LIMIT 0,5   [ RunTime:0.0004s ]
INFO: [ view_parse ] --START--
INFO: [ template_filter ] --START--
INFO: Run Behavior\ContentReplaceBehavior [ RunTime:0.000080s ]
INFO: [ template_filter ] --END-- [ RunTime:0.000105s ]
NOTIC: [8] Undefined variable: settings D:\PHP\Apache24\htdocs\blog2\Application\Runtime\Cache\Home\d7afc08e88068689bd04637b9b480409.php 第 248 行.
INFO: Run Behavior\ParseTemplateBehavior [ RunTime:0.093375s ]
INFO: [ view_parse ] --END-- [ RunTime:0.093419s ]
INFO: [ view_filter ] --START--
INFO: Run Behavior\WriteHtmlCacheBehavior [ RunTime:0.000231s ]
INFO: [ view_filter ] --END-- [ RunTime:0.000248s ]
INFO: [ app_end ] --START--
INFO: Run Behavior\ShowPageTraceBehavior [ RunTime:0.000368s ]
INFO: [ app_end ] --END-- [ RunTime:0.000388s ]

[ 2017-12-01T19:10:11+08:00 ] ::1 /blog2/index.php/Home/home/article_think.html
INFO: [ app_init ] --START--
INFO: Run Behavior\BuildLiteBehavior [ RunTime:0.000008s ]
INFO: [ app_init ] --END-- [ RunTime:0.000330s ]
INFO: [ app_begin ] --START--
INFO: Run Behavior\ReadHtmlCacheBehavior [ RunTime:0.000551s ]
INFO: [ app_begin ] --END-- [ RunTime:0.000582s ]
SQL: SHOW COLUMNS FROM `info_blog` [ RunTime:0.0010s ]
SQL: SELECT COUNT(*) AS tp_count FROM `info_blog` WHERE `type` = '胡思乱想' LIMIT 1   [ RunTime:0.0002s ]
SQL: SELECT * FROM `info_blog` WHERE `type` = '胡思乱想' ORDER BY `rtime` desc LIMIT 0,10   [ RunTime:0.0003s ]
SQL: SELECT * FROM `info_blog` ORDER BY `rtime` desc LIMIT 0,6   [ RunTime:0.0004s ]
SQL: SELECT * FROM `info_blog` ORDER BY `looknum` desc LIMIT 0,6   [ RunTime:0.0002s ]
INFO: [ view_parse ] --START--
INFO: [ template_filter ] --START--
INFO: Run Behavior\ContentReplaceBehavior [ RunTime:0.000060s ]
INFO: [ template_filter ] --END-- [ RunTime:0.000084s ]
NOTIC: [8] Undefined variable: settings D:\PHP\Apache24\htdocs\blog2\Application\Runtime\Cache\Home\b261dd795ff14295c49df3a4f0d24baf.php 第 186 行.
INFO: Run Behavior\ParseTemplateBehavior [ RunTime:0.073851s ]
INFO: [ view_parse ] --END-- [ RunTime:0.073889s ]
INFO: [ view_filter ] --START--
INFO: Run Behavior\WriteHtmlCacheBehavior [ RunTime:0.000390s ]
INFO: [ view_filter ] --END-- [ RunTime:0.000408s ]
INFO: [ app_end ] --START--
INFO: Run Behavior\ShowPageTraceBehavior [ RunTime:0.000758s ]
INFO: [ app_end ] --END-- [ RunTime:0.000793s ]

[ 2017-12-01T19:10:17+08:00 ] ::1 /blog2/index.php/Home/home/article_talk.html
INFO: [ app_init ] --START--
INFO: Run Behavior\BuildLiteBehavior [ RunTime:0.000010s ]
INFO: [ app_init ] --END-- [ RunTime:0.000273s ]
INFO: [ app_begin ] --START--
INFO: Run Behavior\ReadHtmlCacheBehavior [ RunTime:0.000325s ]
INFO: [ app_begin ] --END-- [ RunTime:0.000345s ]
SQL: SHOW COLUMNS FROM `info_blog` [ RunTime:0.0007s ]
SQL: SELECT COUNT(*) AS tp_count FROM `info_blog` WHERE `type` = '细语微言' LIMIT 1   [ RunTime:0.0003s ]
SQL: SELECT * FROM `info_blog` WHERE `type` = '细语微言' ORDER BY `rtime` desc LIMIT 0,10   [ RunTime:0.0003s ]
SQL: SELECT * FROM `info_blog` ORDER BY `rtime` desc LIMIT 0,6   [ RunTime:0.0002s ]
SQL: SELECT * FROM `info_blog` ORDER BY `looknum` desc LIMIT 0,6   [ RunTime:0.0002s ]
INFO: [ view_parse ] --START--
INFO: [ template_filter ] --START--
INFO: Run Behavior\ContentReplaceBehavior [ RunTime:0.000086s ]
INFO: [ template_filter ] --END-- [ RunTime:0.000123s ]
NOTIC: [8] Undefined variable: settings D:\PHP\Apache24\htdocs\blog2\Application\Runtime\Cache\Home\50d703e4fa7e11b31fa900f96c3e1b0c.php 第 187 行.
INFO: Run Behavior\ParseTemplateBehavior [ RunTime:0.060302s ]
INFO: [ view_parse ] --END-- [ RunTime:0.060337s ]
INFO: [ view_filter ] --START--
INFO: Run Behavior\WriteHtmlCacheBehavior [ RunTime:0.000224s ]
INFO: [ view_filter ] --END-- [ RunTime:0.000240s ]
INFO: [ app_end ] --START--
INFO: Run Behavior\ShowPageTraceBehavior [ RunTime:0.000501s ]
INFO: [ app_end ] --END-- [ RunTime:0.000531s ]

[ 2017-12-01T19:10:20+08:00 ] ::1 /blog2/index.php/Home/home/article_front.html
INFO: [ app_init ] --START--
INFO: Run Behavior\BuildLiteBehavior [ RunTime:0.000008s ]
INFO: [ app_init ] --END-- [ RunTime:0.000292s ]
INFO: [ app_begin ] --START--
INFO: Run Behavior\ReadHtmlCacheBehavior [ RunTime:0.000353s ]
INFO: [ app_begin ] --END-- [ RunTime:0.000375s ]
SQL: SHOW COLUMNS FROM `info_blog` [ RunTime:0.0006s ]
SQL: SELECT COUNT(*) AS tp_count FROM `info_blog` WHERE `type` = '前端入坑' LIMIT 1   [ RunTime:0.0002s ]
SQL: SELECT * FROM `info_blog` WHERE `type` = '前端入坑' ORDER BY `rtime` desc LIMIT 0,10   [ RunTime:0.0002s ]
SQL: SELECT * FROM `info_blog` ORDER BY `rtime` desc LIMIT 0,6   [ RunTime:0.0002s ]
SQL: SELECT * FROM `info_blog` ORDER BY `looknum` desc LIMIT 0,6   [ RunTime:0.0002s ]
INFO: [ view_parse ] --START--
INFO: [ template_filter ] --START--
INFO: Run Behavior\ContentReplaceBehavior [ RunTime:0.000091s ]
INFO: [ template_filter ] --END-- [ RunTime:0.000127s ]
NOTIC: [8] Undefined variable: settings D:\PHP\Apache24\htdocs\blog2\Application\Runtime\Cache\Home\99764230e1af1e5cf629827cb2139598.php 第 186 行.
INFO: Run Behavior\ParseTemplateBehavior [ RunTime:0.087077s ]
INFO: [ view_parse ] --END-- [ RunTime:0.087104s ]
INFO: [ view_filter ] --START--
INFO: Run Behavior\WriteHtmlCacheBehavior [ RunTime:0.000243s ]
INFO: [ view_filter ] --END-- [ RunTime:0.000261s ]
INFO: [ app_end ] --START--
INFO: Run Behavior\ShowPageTraceBehavior [ RunTime:0.000502s ]
INFO: [ app_end ] --END-- [ RunTime:0.000541s ]

[ 2017-12-01T19:10:22+08:00 ] ::1 /blog2/index.php/Home/home/article_home.html
INFO: [ app_init ] --START--
INFO: Run Behavior\BuildLiteBehavior [ RunTime:0.000007s ]
INFO: [ app_init ] --END-- [ RunTime:0.000268s ]
INFO: [ app_begin ] --START--
INFO: Run Behavior\ReadHtmlCacheBehavior [ RunTime:0.000328s ]
INFO: [ app_begin ] --END-- [ RunTime:0.000349s ]
SQL: SHOW COLUMNS FROM `info_blog` [ RunTime:0.0004s ]
SQL: SELECT COUNT(*) AS tp_count FROM `info_blog` WHERE `type` = '后端崛起' LIMIT 1   [ RunTime:0.0002s ]
SQL: SELECT * FROM `info_blog` WHERE `type` = '后端崛起' ORDER BY `rtime` desc LIMIT 0,10   [ RunTime:0.0003s ]
SQL: SELECT * FROM `info_blog` ORDER BY `rtime` desc LIMIT 0,6   [ RunTime:0.0002s ]
SQL: SELECT * FROM `info_blog` ORDER BY `looknum` desc LIMIT 0,6   [ RunTime:0.0002s ]
INFO: [ view_parse ] --START--
INFO: [ template_filter ] --START--
INFO: Run Behavior\ContentReplaceBehavior [ RunTime:0.000061s ]
INFO: [ template_filter ] --END-- [ RunTime:0.000086s ]
NOTIC: [8] Undefined variable: settings D:\PHP\Apache24\htdocs\blog2\Application\Runtime\Cache\Home\695367b1ecf8a5184459ac2011d7bffa.php 第 187 行.
INFO: Run Behavior\ParseTemplateBehavior [ RunTime:0.067635s ]
INFO: [ view_parse ] --END-- [ RunTime:0.067662s ]
INFO: [ view_filter ] --START--
INFO: Run Behavior\WriteHtmlCacheBehavior [ RunTime:0.000229s ]
INFO: [ view_filter ] --END-- [ RunTime:0.000246s ]
INFO: [ app_end ] --START--
INFO: Run Behavior\ShowPageTraceBehavior [ RunTime:0.000368s ]
INFO: [ app_end ] --END-- [ RunTime:0.000388s ]

[ 2017-12-01T19:10:28+08:00 ] ::1 /blog2/index.php/Home/home/diary.html
INFO: [ app_init ] --START--
INFO: Run Behavior\BuildLiteBehavior [ RunTime:0.000007s ]
INFO: [ app_init ] --END-- [ RunTime:0.000264s ]
INFO: [ app_begin ] --START--
INFO: Run Behavior\ReadHtmlCacheBehavior [ RunTime:0.000334s ]
INFO: [ app_begin ] --END-- [ RunTime:0.000371s ]
SQL: SHOW COLUMNS FROM `info_log` [ RunTime:0.0006s ]
SQL: SELECT COUNT(*) AS tp_count FROM `info_log` LIMIT 1   [ RunTime:0.0001s ]
SQL: SELECT * FROM `info_log` ORDER BY date desc LIMIT 0,10   [ RunTime:0.0002s ]
INFO: [ view_parse ] --START--
INFO: [ template_filter ] --START--
INFO: Run Behavior\ContentReplaceBehavior [ RunTime:0.000052s ]
INFO: [ template_filter ] --END-- [ RunTime:0.000076s ]
NOTIC: [8] Undefined variable: settings D:\PHP\Apache24\htdocs\blog2\Application\Runtime\Cache\Home\035535c686d736f9159fdb86d1e4c1be.php 第 203 行.
INFO: Run Behavior\ParseTemplateBehavior [ RunTime:0.055615s ]
INFO: [ view_parse ] --END-- [ RunTime:0.055642s ]
INFO: [ view_filter ] --START--
INFO: Run Behavior\WriteHtmlCacheBehavior [ RunTime:0.000265s ]
INFO: [ view_filter ] --END-- [ RunTime:0.000284s ]
INFO: [ app_end ] --START--
INFO: Run Behavior\ShowPageTraceBehavior [ RunTime:0.000696s ]
INFO: [ app_end ] --END-- [ RunTime:0.000779s ]

[ 2017-12-01T19:10:33+08:00 ] ::1 /blog2/index.php/Home/home/about_blog.html
INFO: [ app_init ] --START--
INFO: Run Behavior\BuildLiteBehavior [ RunTime:0.000012s ]
INFO: [ app_init ] --END-- [ RunTime:0.000604s ]
INFO: [ app_begin ] --START--
INFO: Run Behavior\ReadHtmlCacheBehavior [ RunTime:0.000476s ]
INFO: [ app_begin ] --END-- [ RunTime:0.000517s ]
SQL: SHOW COLUMNS FROM `info_aboutblog` [ RunTime:0.0007s ]
SQL: SELECT COUNT(*) AS tp_count FROM `info_aboutblog` LIMIT 1   [ RunTime:0.0001s ]
SQL: SELECT * FROM `info_aboutblog` ORDER BY id LIMIT 0,10   [ RunTime:0.0002s ]
INFO: [ view_parse ] --START--
INFO: [ template_filter ] --START--
INFO: Run Behavior\ContentReplaceBehavior [ RunTime:0.000120s ]
INFO: [ template_filter ] --END-- [ RunTime:0.000173s ]
NOTIC: [8] Undefined variable: settings D:\PHP\Apache24\htdocs\blog2\Application\Runtime\Cache\Home\f0af96bda490293cf28914d1aaec0842.php 第 209 行.
INFO: Run Behavior\ParseTemplateBehavior [ RunTime:0.054886s ]
INFO: [ view_parse ] --END-- [ RunTime:0.054921s ]
INFO: [ view_filter ] --START--
INFO: Run Behavior\WriteHtmlCacheBehavior [ RunTime:0.000240s ]
INFO: [ view_filter ] --END-- [ RunTime:0.000257s ]
INFO: [ app_end ] --START--
INFO: Run Behavior\ShowPageTraceBehavior [ RunTime:0.000524s ]
INFO: [ app_end ] --END-- [ RunTime:0.000552s ]

[ 2017-12-01T19:10:37+08:00 ] ::1 /blog2/index.php/Home/home/about_author.html
INFO: [ app_init ] --START--
INFO: Run Behavior\BuildLiteBehavior [ RunTime:0.000008s ]
INFO: [ app_init ] --END-- [ RunTime:0.000270s ]
INFO: [ app_begin ] --START--
INFO: Run Behavior\ReadHtmlCacheBehavior [ RunTime:0.000329s ]
INFO: [ app_begin ] --END-- [ RunTime:0.000350s ]
SQL: SHOW COLUMNS FROM `info_aboutauthor` [ RunTime:0.0010s ]
SQL: SELECT * FROM `info_aboutauthor`  [ RunTime:0.0002s ]
INFO: [ view_parse ] --START--
INFO: [ template_filter ] --START--
INFO: Run Behavior\ContentReplaceBehavior [ RunTime:0.000072s ]
INFO: [ template_filter ] --END-- [ RunTime:0.000100s ]
NOTIC: [8] Undefined variable: settings D:\PHP\Apache24\htdocs\blog2\Application\Runtime\Cache\Home\6249f9e04e3901de5c7a8a25d4269de8.php 第 210 行.
INFO: Run Behavior\ParseTemplateBehavior [ RunTime:0.090391s ]
INFO: [ view_parse ] --END-- [ RunTime:0.090416s ]
INFO: [ view_filter ] --START--
INFO: Run Behavior\WriteHtmlCacheBehavior [ RunTime:0.000229s ]
INFO: [ view_filter ] --END-- [ RunTime:0.000248s ]
INFO: [ app_end ] --START--
INFO: Run Behavior\ShowPageTraceBehavior [ RunTime:0.000374s ]
INFO: [ app_end ] --END-- [ RunTime:0.000394s ]

[ 2017-12-01T19:16:07+08:00 ] ::1 /blog2/index.php/Home/home/index.html
INFO: [ app_init ] --START--
INFO: Run Behavior\BuildLiteBehavior [ RunTime:0.000008s ]
INFO: [ app_init ] --END-- [ RunTime:0.000341s ]
INFO: [ app_begin ] --START--
INFO: Run Behavior\ReadHtmlCacheBehavior [ RunTime:0.000524s ]
INFO: [ app_begin ] --END-- [ RunTime:0.000546s ]
SQL: SHOW COLUMNS FROM `info_blog` [ RunTime:0.0008s ]
SQL: SELECT COUNT(*) AS tp_count FROM `info_blog` LIMIT 1   [ RunTime:0.0001s ]
SQL: SELECT * FROM `info_blog` ORDER BY `rtime` desc LIMIT 0,10   [ RunTime:0.0003s ]
SQL: SELECT * FROM `info_blog` ORDER BY `rtime` desc LIMIT 0,5   [ RunTime:0.0002s ]
SQL: SELECT * FROM `info_blog` ORDER BY `looknum` desc LIMIT 0,5   [ RunTime:0.0002s ]
INFO: [ view_parse ] --START--
INFO: [ template_filter ] --START--
INFO: Run Behavior\ContentReplaceBehavior [ RunTime:0.000081s ]
INFO: [ template_filter ] --END-- [ RunTime:0.000102s ]
NOTIC: [8] Undefined variable: settings D:\PHP\Apache24\htdocs\blog2\Application\Runtime\Cache\Home\d7afc08e88068689bd04637b9b480409.php 第 248 行.
INFO: Run Behavior\ParseTemplateBehavior [ RunTime:0.053283s ]
INFO: [ view_parse ] --END-- [ RunTime:0.053307s ]
INFO: [ view_filter ] --START--
INFO: Run Behavior\WriteHtmlCacheBehavior [ RunTime:0.000392s ]
INFO: [ view_filter ] --END-- [ RunTime:0.000409s ]
INFO: [ app_end ] --START--
INFO: Run Behavior\ShowPageTraceBehavior [ RunTime:0.000658s ]
INFO: [ app_end ] --END-- [ RunTime:0.000688s ]

[ 2017-12-01T19:54:15+08:00 ] ::1 /blog2/index.php/Home/home/about_blog.html
INFO: [ app_init ] --START--
INFO: Run Behavior\BuildLiteBehavior [ RunTime:0.000019s ]
INFO: [ app_init ] --END-- [ RunTime:0.000709s ]
INFO: [ app_begin ] --START--
INFO: Run Behavior\ReadHtmlCacheBehavior [ RunTime:0.000566s ]
INFO: [ app_begin ] --END-- [ RunTime:0.000591s ]
SQL: SHOW COLUMNS FROM `info_aboutblog` [ RunTime:0.0008s ]
SQL: SELECT COUNT(*) AS tp_count FROM `info_aboutblog` LIMIT 1   [ RunTime:0.0002s ]
SQL: SELECT * FROM `info_aboutblog` ORDER BY id LIMIT 0,10   [ RunTime:0.0002s ]
INFO: [ view_parse ] --START--
INFO: [ template_filter ] --START--
INFO: Run Behavior\ContentReplaceBehavior [ RunTime:0.000066s ]
INFO: [ template_filter ] --END-- [ RunTime:0.000093s ]
NOTIC: [8] Undefined variable: settings D:\PHP\Apache24\htdocs\blog2\Application\Runtime\Cache\Home\f0af96bda490293cf28914d1aaec0842.php 第 209 行.
INFO: Run Behavior\ParseTemplateBehavior [ RunTime:0.025793s ]
INFO: [ view_parse ] --END-- [ RunTime:0.025820s ]
INFO: [ view_filter ] --START--
INFO: Run Behavior\WriteHtmlCacheBehavior [ RunTime:0.000446s ]
INFO: [ view_filter ] --END-- [ RunTime:0.000478s ]
INFO: [ app_end ] --START--
INFO: Run Behavior\ShowPageTraceBehavior [ RunTime:0.000575s ]
INFO: [ app_end ] --END-- [ RunTime:0.000599s ]

[ 2017-12-01T21:09:34+08:00 ] ::1 /blog2/index.php/Home/home/about_author.html
INFO: [ app_init ] --START--
INFO: Run Behavior\BuildLiteBehavior [ RunTime:0.000007s ]
INFO: [ app_init ] --END-- [ RunTime:0.000283s ]
INFO: [ app_begin ] --START--
INFO: Run Behavior\ReadHtmlCacheBehavior [ RunTime:0.000398s ]
INFO: [ app_begin ] --END-- [ RunTime:0.000423s ]
SQL: SHOW COLUMNS FROM `info_aboutauthor` [ RunTime:0.0010s ]
SQL: SELECT * FROM `info_aboutauthor`  [ RunTime:0.0001s ]
INFO: [ view_parse ] --START--
INFO: [ template_filter ] --START--
INFO: Run Behavior\ContentReplaceBehavior [ RunTime:0.000064s ]
INFO: [ template_filter ] --END-- [ RunTime:0.000089s ]
NOTIC: [8] Undefined variable: settings D:\PHP\Apache24\htdocs\blog2\Application\Runtime\Cache\Home\6249f9e04e3901de5c7a8a25d4269de8.php 第 210 行.
INFO: Run Behavior\ParseTemplateBehavior [ RunTime:0.019488s ]
INFO: [ view_parse ] --END-- [ RunTime:0.019514s ]
INFO: [ view_filter ] --START--
INFO: Run Behavior\WriteHtmlCacheBehavior [ RunTime:0.000226s ]
INFO: [ view_filter ] --END-- [ RunTime:0.000243s ]
INFO: [ app_end ] --START--
INFO: Run Behavior\ShowPageTraceBehavior [ RunTime:0.000582s ]
INFO: [ app_end ] --END-- [ RunTime:0.000607s ]

