[ 2017-12-19T14:22:35+08:00 ] ::1 /lwblog/index.php/Home/home/
INFO: [ app_init ] --START--
INFO: Run Behavior\BuildLiteBehavior [ RunTime:0.000012s ]
INFO: [ app_init ] --END-- [ RunTime:0.030589s ]
INFO: [ app_begin ] --START--
INFO: Run Behavior\ReadHtmlCacheBehavior [ RunTime:0.029378s ]
INFO: [ app_begin ] --END-- [ RunTime:0.029422s ]
SQL: SHOW COLUMNS FROM `info_blog` [ RunTime:0.0376s ]
SQL: SHOW COLUMNS FROM `info_ad` [ RunTime:0.0152s ]
SQL: SELECT COUNT(*) AS tp_count FROM `info_blog` LIMIT 1   [ RunTime:0.0002s ]
SQL: SELECT COUNT(*) AS tp_count FROM `info_ad` LIMIT 1   [ RunTime:0.0005s ]
SQL: SELECT * FROM `info_ad`  [ RunTime:0.0003s ]
SQL: SELECT * FROM `info_blog` ORDER BY `rtime` desc LIMIT 0,10   [ RunTime:0.0005s ]
SQL: SELECT * FROM `info_blog` ORDER BY `rtime` desc LIMIT 0,5   [ RunTime:0.0003s ]
SQL: SELECT * FROM `info_blog` ORDER BY `looknum` desc LIMIT 0,5   [ RunTime:0.0002s ]
INFO: [ view_parse ] --START--
INFO: [ template_filter ] --START--
INFO: Run Behavior\ContentReplaceBehavior [ RunTime:0.000087s ]
INFO: [ template_filter ] --END-- [ RunTime:0.000113s ]
NOTIC: [8] Undefined index: id D:\PHP\Apache24\htdocs\lwblog\Application\Runtime\Cache\Home\d7afc08e88068689bd04637b9b480409.php 第 49 行.
NOTIC: [8] Undefined variable: settings D:\PHP\Apache24\htdocs\lwblog\Application\Runtime\Cache\Home\d7afc08e88068689bd04637b9b480409.php 第 199 行.
INFO: Run Behavior\ParseTemplateBehavior [ RunTime:0.281651s ]
INFO: [ view_parse ] --END-- [ RunTime:0.281684s ]
INFO: [ view_filter ] --START--
INFO: Run Behavior\WriteHtmlCacheBehavior [ RunTime:0.029340s ]
INFO: [ view_filter ] --END-- [ RunTime:0.029370s ]
INFO: [ app_end ] --START--
INFO: Run Behavior\ShowPageTraceBehavior [ RunTime:0.012484s ]
INFO: [ app_end ] --END-- [ RunTime:0.012521s ]

[ 2017-12-19T14:22:44+08:00 ] ::1 /lwblog/index.php/Home/home/login.html
INFO: [ app_init ] --START--
INFO: Run Behavior\BuildLiteBehavior [ RunTime:0.000009s ]
INFO: [ app_init ] --END-- [ RunTime:0.000467s ]
INFO: [ app_begin ] --START--
INFO: Run Behavior\ReadHtmlCacheBehavior [ RunTime:0.000914s ]
INFO: [ app_begin ] --END-- [ RunTime:0.000955s ]
INFO: [ view_parse ] --START--
INFO: [ template_filter ] --START--
INFO: Run Behavior\ContentReplaceBehavior [ RunTime:0.000032s ]
INFO: [ template_filter ] --END-- [ RunTime:0.000066s ]
INFO: Run Behavior\ParseTemplateBehavior [ RunTime:0.131084s ]
INFO: [ view_parse ] --END-- [ RunTime:0.131120s ]
INFO: [ view_filter ] --START--
INFO: Run Behavior\WriteHtmlCacheBehavior [ RunTime:0.000530s ]
INFO: [ view_filter ] --END-- [ RunTime:0.000557s ]
INFO: [ app_end ] --START--
INFO: Run Behavior\ShowPageTraceBehavior [ RunTime:0.000684s ]
INFO: [ app_end ] --END-- [ RunTime:0.000702s ]

[ 2017-12-19T14:22:54+08:00 ] ::1 /lwblog/index.php/Home/home/loginuser.html
INFO: [ app_init ] --START--
INFO: Run Behavior\BuildLiteBehavior [ RunTime:0.000007s ]
INFO: [ app_init ] --END-- [ RunTime:0.000360s ]
INFO: [ app_begin ] --START--
INFO: Run Behavior\ReadHtmlCacheBehavior [ RunTime:0.000799s ]
INFO: [ app_begin ] --END-- [ RunTime:0.000822s ]
SQL: SHOW COLUMNS FROM `info_user` [ RunTime:0.0007s ]
SQL: SELECT * FROM `info_user` WHERE `name` = 'demo' AND `password` = 'demo'  [ RunTime:0.0331s ]
INFO: [ view_parse ] --START--
INFO: [ template_filter ] --START--
INFO: Run Behavior\ContentReplaceBehavior [ RunTime:0.000026s ]
INFO: [ template_filter ] --END-- [ RunTime:0.000054s ]
INFO: Run Behavior\ParseTemplateBehavior [ RunTime:0.113937s ]
INFO: [ view_parse ] --END-- [ RunTime:0.113970s ]
INFO: [ view_filter ] --START--
INFO: Run Behavior\WriteHtmlCacheBehavior [ RunTime:0.000533s ]
INFO: [ view_filter ] --END-- [ RunTime:0.000550s ]
INFO: [ app_end ] --START--
INFO: Run Behavior\ShowPageTraceBehavior [ RunTime:0.000669s ]
INFO: [ app_end ] --END-- [ RunTime:0.000688s ]

[ 2017-12-19T14:22:55+08:00 ] ::1 /lwblog/index.php/Home/home/index
INFO: [ app_init ] --START--
INFO: Run Behavior\BuildLiteBehavior [ RunTime:0.000007s ]
INFO: [ app_init ] --END-- [ RunTime:0.000270s ]
INFO: [ app_begin ] --START--
INFO: Run Behavior\ReadHtmlCacheBehavior [ RunTime:0.000498s ]
INFO: [ app_begin ] --END-- [ RunTime:0.000517s ]
SQL: SHOW COLUMNS FROM `info_blog` [ RunTime:0.0139s ]
SQL: SHOW COLUMNS FROM `info_ad` [ RunTime:0.0075s ]
SQL: SELECT COUNT(*) AS tp_count FROM `info_blog` LIMIT 1   [ RunTime:0.0002s ]
SQL: SELECT COUNT(*) AS tp_count FROM `info_ad` LIMIT 1   [ RunTime:0.0002s ]
SQL: SELECT * FROM `info_ad`  [ RunTime:0.0002s ]
SQL: SELECT * FROM `info_blog` ORDER BY `rtime` desc LIMIT 0,10   [ RunTime:0.0005s ]
SQL: SELECT * FROM `info_blog` ORDER BY `rtime` desc LIMIT 0,5   [ RunTime:0.0003s ]
SQL: SELECT * FROM `info_blog` ORDER BY `looknum` desc LIMIT 0,5   [ RunTime:0.0002s ]
INFO: [ view_parse ] --START--
INFO: [ template_filter ] --START--
INFO: Run Behavior\ContentReplaceBehavior [ RunTime:0.000086s ]
INFO: [ template_filter ] --END-- [ RunTime:0.000105s ]
NOTIC: [8] Undefined variable: settings D:\PHP\Apache24\htdocs\lwblog\Application\Runtime\Cache\Home\d7afc08e88068689bd04637b9b480409.php 第 199 行.
INFO: Run Behavior\ParseTemplateBehavior [ RunTime:0.050822s ]
INFO: [ view_parse ] --END-- [ RunTime:0.050854s ]
INFO: [ view_filter ] --START--
INFO: Run Behavior\WriteHtmlCacheBehavior [ RunTime:0.000417s ]
INFO: [ view_filter ] --END-- [ RunTime:0.000435s ]
INFO: [ app_end ] --START--
INFO: Run Behavior\ShowPageTraceBehavior [ RunTime:0.000531s ]
INFO: [ app_end ] --END-- [ RunTime:0.000551s ]

[ 2017-12-19T14:23:02+08:00 ] ::1 /lwblog/index.php/Home/home/user/id/15.html
INFO: [ app_init ] --START--
INFO: Run Behavior\BuildLiteBehavior [ RunTime:0.000006s ]
INFO: [ app_init ] --END-- [ RunTime:0.000278s ]
INFO: [ app_begin ] --START--
INFO: Run Behavior\ReadHtmlCacheBehavior [ RunTime:0.000449s ]
INFO: [ app_begin ] --END-- [ RunTime:0.000470s ]
INFO: [ view_parse ] --START--
INFO: [ template_filter ] --START--
INFO: Run Behavior\ContentReplaceBehavior [ RunTime:0.000060s ]
INFO: [ template_filter ] --END-- [ RunTime:0.000087s ]
NOTIC: [8] Undefined variable: settings D:\PHP\Apache24\htdocs\lwblog\Application\Runtime\Cache\Home\fb299451ca09276f4008b6a8cee8aa37.php 第 180 行.
INFO: Run Behavior\ParseTemplateBehavior [ RunTime:0.105232s ]
INFO: [ view_parse ] --END-- [ RunTime:0.105259s ]
INFO: [ view_filter ] --START--
INFO: Run Behavior\WriteHtmlCacheBehavior [ RunTime:0.000418s ]
INFO: [ view_filter ] --END-- [ RunTime:0.000436s ]
INFO: [ app_end ] --START--
INFO: Run Behavior\ShowPageTraceBehavior [ RunTime:0.000808s ]
INFO: [ app_end ] --END-- [ RunTime:0.000854s ]

[ 2017-12-19T14:23:14+08:00 ] ::1 /lwblog/index.php/Home/home/edit_user.html
INFO: [ app_init ] --START--
INFO: Run Behavior\BuildLiteBehavior [ RunTime:0.000007s ]
INFO: [ app_init ] --END-- [ RunTime:0.000270s ]
INFO: [ app_begin ] --START--
INFO: Run Behavior\ReadHtmlCacheBehavior [ RunTime:0.000471s ]
INFO: [ app_begin ] --END-- [ RunTime:0.000491s ]
SQL: SHOW COLUMNS FROM `info_user` [ RunTime:0.0005s ]
NOTIC: [8] Undefined index: id D:\PHP\Apache24\htdocs\lwblog\Application\Home\Controller\HomeController.class.php 第 103 行.
NOTIC: [8] Undefined index: email D:\PHP\Apache24\htdocs\lwblog\Application\Home\Controller\HomeController.class.php 第 104 行.
NOTIC: [8] Undefined index: password D:\PHP\Apache24\htdocs\lwblog\Application\Home\Controller\HomeController.class.php 第 105 行.
NOTIC: [8] Undefined index: validate D:\PHP\Apache24\htdocs\lwblog\ThinkPHP\Library\Think\Model.class.php 第 1185 行.
NOTIC: [8] Undefined index: auto D:\PHP\Apache24\htdocs\lwblog\ThinkPHP\Library\Think\Model.class.php 第 1128 行.
INFO: [ view_parse ] --START--
INFO: [ template_filter ] --START--
INFO: Run Behavior\ContentReplaceBehavior [ RunTime:0.000022s ]
INFO: [ template_filter ] --END-- [ RunTime:0.000047s ]
INFO: Run Behavior\ParseTemplateBehavior [ RunTime:0.004803s ]
INFO: [ view_parse ] --END-- [ RunTime:0.004826s ]
INFO: [ view_filter ] --START--
INFO: Run Behavior\WriteHtmlCacheBehavior [ RunTime:0.000355s ]
INFO: [ view_filter ] --END-- [ RunTime:0.000373s ]

[ 2017-12-19T14:27:36+08:00 ] ::1 /lwblog/index.php/Home/home/edit_user.html
INFO: [ app_init ] --START--
INFO: Run Behavior\BuildLiteBehavior [ RunTime:0.000008s ]
INFO: [ app_init ] --END-- [ RunTime:0.000406s ]
INFO: [ app_begin ] --START--
INFO: Run Behavior\ReadHtmlCacheBehavior [ RunTime:0.000946s ]
INFO: [ app_begin ] --END-- [ RunTime:0.000978s ]
SQL: SHOW COLUMNS FROM `info_user` [ RunTime:0.0108s ]
NOTIC: [8] Undefined index: id D:\PHP\Apache24\htdocs\lwblog\Application\Home\Controller\HomeController.class.php 第 103 行.
NOTIC: [8] Undefined index: email D:\PHP\Apache24\htdocs\lwblog\Application\Home\Controller\HomeController.class.php 第 104 行.
NOTIC: [8] Undefined index: password D:\PHP\Apache24\htdocs\lwblog\Application\Home\Controller\HomeController.class.php 第 105 行.
NOTIC: [8] Undefined index: validate D:\PHP\Apache24\htdocs\lwblog\ThinkPHP\Library\Think\Model.class.php 第 1185 行.
NOTIC: [8] Undefined index: auto D:\PHP\Apache24\htdocs\lwblog\ThinkPHP\Library\Think\Model.class.php 第 1128 行.
INFO: [ view_parse ] --START--
INFO: [ template_filter ] --START--
INFO: Run Behavior\ContentReplaceBehavior [ RunTime:0.000026s ]
INFO: [ template_filter ] --END-- [ RunTime:0.000056s ]
INFO: Run Behavior\ParseTemplateBehavior [ RunTime:0.007840s ]
INFO: [ view_parse ] --END-- [ RunTime:0.007868s ]
INFO: [ view_filter ] --START--
INFO: Run Behavior\WriteHtmlCacheBehavior [ RunTime:0.000521s ]
INFO: [ view_filter ] --END-- [ RunTime:0.000537s ]

[ 2017-12-19T14:29:19+08:00 ] ::1 /lwblog/index.php/Home/home/user/id/15.html
INFO: [ app_init ] --START--
INFO: Run Behavior\BuildLiteBehavior [ RunTime:0.000030s ]
INFO: [ app_init ] --END-- [ RunTime:0.000808s ]
INFO: [ app_begin ] --START--
INFO: Run Behavior\ReadHtmlCacheBehavior [ RunTime:0.000835s ]
INFO: [ app_begin ] --END-- [ RunTime:0.000867s ]
ERR: syntax error, unexpected 'die' (T_EXIT)

[ 2017-12-19T14:29:37+08:00 ] ::1 /lwblog/index.php/Home/home/user/id/15.html
INFO: [ app_init ] --START--
INFO: Run Behavior\BuildLiteBehavior [ RunTime:0.000007s ]
INFO: [ app_init ] --END-- [ RunTime:0.000290s ]
INFO: [ app_begin ] --START--
INFO: Run Behavior\ReadHtmlCacheBehavior [ RunTime:0.000627s ]
INFO: [ app_begin ] --END-- [ RunTime:0.000658s ]
ERR: syntax error, unexpected 'die' (T_EXIT)

[ 2017-12-19T14:29:53+08:00 ] ::1 /lwblog/index.php/Home/home/user/id/15.html
INFO: [ app_init ] --START--
INFO: Run Behavior\BuildLiteBehavior [ RunTime:0.000009s ]
INFO: [ app_init ] --END-- [ RunTime:0.000403s ]
INFO: [ app_begin ] --START--
INFO: Run Behavior\ReadHtmlCacheBehavior [ RunTime:0.000857s ]
INFO: [ app_begin ] --END-- [ RunTime:0.000907s ]
INFO: [ view_parse ] --START--
INFO: [ template_filter ] --START--
INFO: Run Behavior\ContentReplaceBehavior [ RunTime:0.000067s ]
INFO: [ template_filter ] --END-- [ RunTime:0.000100s ]
NOTIC: [8] Undefined variable: settings D:\PHP\Apache24\htdocs\lwblog\Application\Runtime\Cache\Home\fb299451ca09276f4008b6a8cee8aa37.php 第 180 行.
INFO: Run Behavior\ParseTemplateBehavior [ RunTime:0.089457s ]
INFO: [ view_parse ] --END-- [ RunTime:0.089484s ]
INFO: [ view_filter ] --START--
INFO: Run Behavior\WriteHtmlCacheBehavior [ RunTime:0.000546s ]
INFO: [ view_filter ] --END-- [ RunTime:0.000562s ]
INFO: [ app_end ] --START--
INFO: Run Behavior\ShowPageTraceBehavior [ RunTime:0.000974s ]
INFO: [ app_end ] --END-- [ RunTime:0.001024s ]

[ 2017-12-19T14:30:05+08:00 ] ::1 /lwblog/index.php/Home/home/edit_user.html
INFO: [ app_init ] --START--
INFO: Run Behavior\BuildLiteBehavior [ RunTime:0.000007s ]
INFO: [ app_init ] --END-- [ RunTime:0.000360s ]
INFO: [ app_begin ] --START--
INFO: Run Behavior\ReadHtmlCacheBehavior [ RunTime:0.000695s ]
INFO: [ app_begin ] --END-- [ RunTime:0.000718s ]
SQL: SHOW COLUMNS FROM `info_user` [ RunTime:0.0358s ]
NOTIC: [8] Undefined index: id D:\PHP\Apache24\htdocs\lwblog\Application\Home\Controller\HomeController.class.php 第 103 行.
NOTIC: [8] Undefined index: email D:\PHP\Apache24\htdocs\lwblog\Application\Home\Controller\HomeController.class.php 第 104 行.
NOTIC: [8] Undefined index: password D:\PHP\Apache24\htdocs\lwblog\Application\Home\Controller\HomeController.class.php 第 105 行.

[ 2017-12-19T14:31:39+08:00 ] ::1 /lwblog/index.php/Home/home/user/id/15.html
INFO: [ app_init ] --START--
INFO: Run Behavior\BuildLiteBehavior [ RunTime:0.000007s ]
INFO: [ app_init ] --END-- [ RunTime:0.000291s ]
INFO: [ app_begin ] --START--
INFO: Run Behavior\ReadHtmlCacheBehavior [ RunTime:0.000462s ]
INFO: [ app_begin ] --END-- [ RunTime:0.000483s ]
INFO: [ view_parse ] --START--
INFO: [ template_filter ] --START--
INFO: Run Behavior\ContentReplaceBehavior [ RunTime:0.000062s ]
INFO: [ template_filter ] --END-- [ RunTime:0.000083s ]
NOTIC: [8] Undefined variable: settings D:\PHP\Apache24\htdocs\lwblog\Application\Runtime\Cache\Home\fb299451ca09276f4008b6a8cee8aa37.php 第 180 行.
INFO: Run Behavior\ParseTemplateBehavior [ RunTime:0.028262s ]
INFO: [ view_parse ] --END-- [ RunTime:0.028286s ]
INFO: [ view_filter ] --START--
INFO: Run Behavior\WriteHtmlCacheBehavior [ RunTime:0.000557s ]
INFO: [ view_filter ] --END-- [ RunTime:0.000574s ]
INFO: [ app_end ] --START--
INFO: Run Behavior\ShowPageTraceBehavior [ RunTime:0.000961s ]
INFO: [ app_end ] --END-- [ RunTime:0.000987s ]

[ 2017-12-19T14:31:55+08:00 ] ::1 /lwblog/index.php/Home/home/edit_user.html
INFO: [ app_init ] --START--
INFO: Run Behavior\BuildLiteBehavior [ RunTime:0.000012s ]
INFO: [ app_init ] --END-- [ RunTime:0.000448s ]
INFO: [ app_begin ] --START--
INFO: Run Behavior\ReadHtmlCacheBehavior [ RunTime:0.000705s ]
INFO: [ app_begin ] --END-- [ RunTime:0.000730s ]
SQL: SHOW COLUMNS FROM `info_user` [ RunTime:0.0678s ]
NOTIC: [8] Undefined index: id D:\PHP\Apache24\htdocs\lwblog\Application\Home\Controller\HomeController.class.php 第 103 行.
NOTIC: [8] Undefined index: email D:\PHP\Apache24\htdocs\lwblog\Application\Home\Controller\HomeController.class.php 第 104 行.
NOTIC: [8] Undefined index: password D:\PHP\Apache24\htdocs\lwblog\Application\Home\Controller\HomeController.class.php 第 105 行.

[ 2017-12-19T14:33:56+08:00 ] ::1 /lwblog/index.php/Home/home/user/id/15.html
INFO: [ app_init ] --START--
INFO: Run Behavior\BuildLiteBehavior [ RunTime:0.000009s ]
INFO: [ app_init ] --END-- [ RunTime:0.000383s ]
INFO: [ app_begin ] --START--
INFO: Run Behavior\ReadHtmlCacheBehavior [ RunTime:0.000680s ]
INFO: [ app_begin ] --END-- [ RunTime:0.000701s ]
INFO: [ view_parse ] --START--
INFO: [ template_filter ] --START--
INFO: Run Behavior\ContentReplaceBehavior [ RunTime:0.000059s ]
INFO: [ template_filter ] --END-- [ RunTime:0.000077s ]
NOTIC: [8] Undefined variable: settings D:\PHP\Apache24\htdocs\lwblog\Application\Runtime\Cache\Home\fb299451ca09276f4008b6a8cee8aa37.php 第 180 行.
INFO: Run Behavior\ParseTemplateBehavior [ RunTime:0.029050s ]
INFO: [ view_parse ] --END-- [ RunTime:0.029073s ]
INFO: [ view_filter ] --START--
INFO: Run Behavior\WriteHtmlCacheBehavior [ RunTime:0.000585s ]
INFO: [ view_filter ] --END-- [ RunTime:0.000603s ]
INFO: [ app_end ] --START--
INFO: Run Behavior\ShowPageTraceBehavior [ RunTime:0.000760s ]
INFO: [ app_end ] --END-- [ RunTime:0.000787s ]

[ 2017-12-19T14:34:07+08:00 ] ::1 /lwblog/index.php/Home/home/edit_user.html
INFO: [ app_init ] --START--
INFO: Run Behavior\BuildLiteBehavior [ RunTime:0.000009s ]
INFO: [ app_init ] --END-- [ RunTime:0.000393s ]
INFO: [ app_begin ] --START--
INFO: Run Behavior\ReadHtmlCacheBehavior [ RunTime:0.001046s ]
INFO: [ app_begin ] --END-- [ RunTime:0.001115s ]
SQL: SHOW COLUMNS FROM `info_user` [ RunTime:0.0633s ]
NOTIC: [8] Undefined index: id D:\PHP\Apache24\htdocs\lwblog\Application\Home\Controller\HomeController.class.php 第 103 行.
NOTIC: [8] Undefined index: email D:\PHP\Apache24\htdocs\lwblog\Application\Home\Controller\HomeController.class.php 第 104 行.
NOTIC: [8] Undefined index: password D:\PHP\Apache24\htdocs\lwblog\Application\Home\Controller\HomeController.class.php 第 105 行.

[ 2017-12-19T14:36:25+08:00 ] ::1 /lwblog/index.php/Home/home/user/id/15.html
INFO: [ app_init ] --START--
INFO: Run Behavior\BuildLiteBehavior [ RunTime:0.000009s ]
INFO: [ app_init ] --END-- [ RunTime:0.000386s ]
INFO: [ app_begin ] --START--
INFO: Run Behavior\ReadHtmlCacheBehavior [ RunTime:0.000706s ]
INFO: [ app_begin ] --END-- [ RunTime:0.000726s ]
INFO: [ view_parse ] --START--
INFO: [ template_filter ] --START--
INFO: Run Behavior\ContentReplaceBehavior [ RunTime:0.000067s ]
INFO: [ template_filter ] --END-- [ RunTime:0.000098s ]
NOTIC: [8] Undefined variable: settings D:\PHP\Apache24\htdocs\lwblog\Application\Runtime\Cache\Home\fb299451ca09276f4008b6a8cee8aa37.php 第 180 行.
INFO: Run Behavior\ParseTemplateBehavior [ RunTime:0.037121s ]
INFO: [ view_parse ] --END-- [ RunTime:0.037143s ]
INFO: [ view_filter ] --START--
INFO: Run Behavior\WriteHtmlCacheBehavior [ RunTime:0.000543s ]
INFO: [ view_filter ] --END-- [ RunTime:0.000560s ]
INFO: [ app_end ] --START--
INFO: Run Behavior\ShowPageTraceBehavior [ RunTime:0.000772s ]
INFO: [ app_end ] --END-- [ RunTime:0.000800s ]

[ 2017-12-19T14:36:33+08:00 ] ::1 /lwblog/index.php/Home/home/edit_user.html
INFO: [ app_init ] --START--
INFO: Run Behavior\BuildLiteBehavior [ RunTime:0.000007s ]
INFO: [ app_init ] --END-- [ RunTime:0.000361s ]
INFO: [ app_begin ] --START--
INFO: Run Behavior\ReadHtmlCacheBehavior [ RunTime:0.000675s ]
INFO: [ app_begin ] --END-- [ RunTime:0.000697s ]
SQL: SHOW COLUMNS FROM `info_user` [ RunTime:0.0199s ]
NOTIC: [8] Undefined index: id D:\PHP\Apache24\htdocs\lwblog\Application\Home\Controller\HomeController.class.php 第 103 行.
NOTIC: [8] Undefined index: email D:\PHP\Apache24\htdocs\lwblog\Application\Home\Controller\HomeController.class.php 第 104 行.
NOTIC: [8] Undefined index: password D:\PHP\Apache24\htdocs\lwblog\Application\Home\Controller\HomeController.class.php 第 105 行.

[ 2017-12-19T14:37:58+08:00 ] ::1 /lwblog/index.php/Home/home/edit_user.html
INFO: [ app_init ] --START--
INFO: Run Behavior\BuildLiteBehavior [ RunTime:0.000007s ]
INFO: [ app_init ] --END-- [ RunTime:0.000321s ]
INFO: [ app_begin ] --START--
INFO: Run Behavior\ReadHtmlCacheBehavior [ RunTime:0.000481s ]
INFO: [ app_begin ] --END-- [ RunTime:0.000502s ]
SQL: SHOW COLUMNS FROM `info_user` [ RunTime:0.0007s ]
NOTIC: [8] Undefined index: id D:\PHP\Apache24\htdocs\lwblog\Application\Home\Controller\HomeController.class.php 第 103 行.
NOTIC: [8] Undefined index: email D:\PHP\Apache24\htdocs\lwblog\Application\Home\Controller\HomeController.class.php 第 104 行.
NOTIC: [8] Undefined index: password D:\PHP\Apache24\htdocs\lwblog\Application\Home\Controller\HomeController.class.php 第 105 行.

[ 2017-12-19T14:38:14+08:00 ] ::1 /lwblog/index.php/Home/home/edit_user.html
INFO: [ app_init ] --START--
INFO: Run Behavior\BuildLiteBehavior [ RunTime:0.000008s ]
INFO: [ app_init ] --END-- [ RunTime:0.000302s ]
INFO: [ app_begin ] --START--
INFO: Run Behavior\ReadHtmlCacheBehavior [ RunTime:0.000515s ]
INFO: [ app_begin ] --END-- [ RunTime:0.000539s ]
SQL: SHOW COLUMNS FROM `info_user` [ RunTime:0.0145s ]
NOTIC: [8] Undefined index: id D:\PHP\Apache24\htdocs\lwblog\Application\Home\Controller\HomeController.class.php 第 103 行.
NOTIC: [8] Undefined index: email D:\PHP\Apache24\htdocs\lwblog\Application\Home\Controller\HomeController.class.php 第 104 行.
NOTIC: [8] Undefined index: password D:\PHP\Apache24\htdocs\lwblog\Application\Home\Controller\HomeController.class.php 第 105 行.

[ 2017-12-19T14:39:13+08:00 ] ::1 /lwblog/index.php/Home/home/user/id/15.html
INFO: [ app_init ] --START--
INFO: Run Behavior\BuildLiteBehavior [ RunTime:0.000026s ]
INFO: [ app_init ] --END-- [ RunTime:0.000889s ]
INFO: [ app_begin ] --START--
INFO: Run Behavior\ReadHtmlCacheBehavior [ RunTime:0.001002s ]
INFO: [ app_begin ] --END-- [ RunTime:0.001049s ]
INFO: [ view_parse ] --START--
INFO: [ template_filter ] --START--
INFO: Run Behavior\ContentReplaceBehavior [ RunTime:0.000063s ]
INFO: [ template_filter ] --END-- [ RunTime:0.000084s ]
NOTIC: [8] Undefined variable: settings D:\PHP\Apache24\htdocs\lwblog\Application\Runtime\Cache\Home\fb299451ca09276f4008b6a8cee8aa37.php 第 180 行.
INFO: Run Behavior\ParseTemplateBehavior [ RunTime:0.035325s ]
INFO: [ view_parse ] --END-- [ RunTime:0.035364s ]
INFO: [ view_filter ] --START--
INFO: Run Behavior\WriteHtmlCacheBehavior [ RunTime:0.000696s ]
INFO: [ view_filter ] --END-- [ RunTime:0.000730s ]
INFO: [ app_end ] --START--
INFO: Run Behavior\ShowPageTraceBehavior [ RunTime:0.000970s ]
INFO: [ app_end ] --END-- [ RunTime:0.000998s ]

[ 2017-12-19T14:39:22+08:00 ] ::1 /lwblog/index.php/Home/home/edit_user.html
INFO: [ app_init ] --START--
INFO: Run Behavior\BuildLiteBehavior [ RunTime:0.000006s ]
INFO: [ app_init ] --END-- [ RunTime:0.000356s ]
INFO: [ app_begin ] --START--
INFO: Run Behavior\ReadHtmlCacheBehavior [ RunTime:0.000681s ]
INFO: [ app_begin ] --END-- [ RunTime:0.000703s ]
SQL: SHOW COLUMNS FROM `info_user` [ RunTime:0.0497s ]
NOTIC: [8] Undefined index: id D:\PHP\Apache24\htdocs\lwblog\Application\Home\Controller\HomeController.class.php 第 103 行.

[ 2017-12-19T14:39:49+08:00 ] ::1 /lwblog/index.php/Home/home/user/id/15.html
INFO: [ app_init ] --START--
INFO: Run Behavior\BuildLiteBehavior [ RunTime:0.000007s ]
INFO: [ app_init ] --END-- [ RunTime:0.000281s ]
INFO: [ app_begin ] --START--
INFO: Run Behavior\ReadHtmlCacheBehavior [ RunTime:0.000458s ]
INFO: [ app_begin ] --END-- [ RunTime:0.000480s ]
INFO: [ view_parse ] --START--
INFO: [ template_filter ] --START--
INFO: Run Behavior\ContentReplaceBehavior [ RunTime:0.000058s ]
INFO: [ template_filter ] --END-- [ RunTime:0.000077s ]
NOTIC: [8] Undefined variable: settings D:\PHP\Apache24\htdocs\lwblog\Application\Runtime\Cache\Home\fb299451ca09276f4008b6a8cee8aa37.php 第 180 行.
INFO: Run Behavior\ParseTemplateBehavior [ RunTime:0.028657s ]
INFO: [ view_parse ] --END-- [ RunTime:0.028680s ]
INFO: [ view_filter ] --START--
INFO: Run Behavior\WriteHtmlCacheBehavior [ RunTime:0.000559s ]
INFO: [ view_filter ] --END-- [ RunTime:0.000577s ]
INFO: [ app_end ] --START--
INFO: Run Behavior\ShowPageTraceBehavior [ RunTime:0.000768s ]
INFO: [ app_end ] --END-- [ RunTime:0.000790s ]

[ 2017-12-19T14:40:01+08:00 ] ::1 /lwblog/index.php/Home/home/user/id/15.html
INFO: [ app_init ] --START--
INFO: Run Behavior\BuildLiteBehavior [ RunTime:0.000007s ]
INFO: [ app_init ] --END-- [ RunTime:0.000469s ]
INFO: [ app_begin ] --START--
INFO: Run Behavior\ReadHtmlCacheBehavior [ RunTime:0.000668s ]
INFO: [ app_begin ] --END-- [ RunTime:0.000689s ]
INFO: [ view_parse ] --START--
INFO: [ template_filter ] --START--
INFO: Run Behavior\ContentReplaceBehavior [ RunTime:0.000069s ]
INFO: [ template_filter ] --END-- [ RunTime:0.000088s ]
NOTIC: [8] Undefined variable: settings D:\PHP\Apache24\htdocs\lwblog\Application\Runtime\Cache\Home\fb299451ca09276f4008b6a8cee8aa37.php 第 180 行.
INFO: Run Behavior\ParseTemplateBehavior [ RunTime:0.039469s ]
INFO: [ view_parse ] --END-- [ RunTime:0.039491s ]
INFO: [ view_filter ] --START--
INFO: Run Behavior\WriteHtmlCacheBehavior [ RunTime:0.000509s ]
INFO: [ view_filter ] --END-- [ RunTime:0.000526s ]
INFO: [ app_end ] --START--
INFO: Run Behavior\ShowPageTraceBehavior [ RunTime:0.000758s ]
INFO: [ app_end ] --END-- [ RunTime:0.000781s ]

[ 2017-12-19T14:40:11+08:00 ] ::1 /lwblog/index.php/Home/home/edit_user.html
INFO: [ app_init ] --START--
INFO: Run Behavior\BuildLiteBehavior [ RunTime:0.000006s ]
INFO: [ app_init ] --END-- [ RunTime:0.000276s ]
INFO: [ app_begin ] --START--
INFO: Run Behavior\ReadHtmlCacheBehavior [ RunTime:0.000450s ]
INFO: [ app_begin ] --END-- [ RunTime:0.000472s ]
SQL: SHOW COLUMNS FROM `info_user` [ RunTime:0.0425s ]
NOTIC: [8] Undefined index: id D:\PHP\Apache24\htdocs\lwblog\Application\Home\Controller\HomeController.class.php 第 103 行.
NOTIC: [8] Undefined index: validate D:\PHP\Apache24\htdocs\lwblog\ThinkPHP\Library\Think\Model.class.php 第 1185 行.
NOTIC: [8] Undefined index: auto D:\PHP\Apache24\htdocs\lwblog\ThinkPHP\Library\Think\Model.class.php 第 1128 行.
INFO: [ view_parse ] --START--
INFO: [ template_filter ] --START--
INFO: Run Behavior\ContentReplaceBehavior [ RunTime:0.000029s ]
INFO: [ template_filter ] --END-- [ RunTime:0.000057s ]
INFO: Run Behavior\ParseTemplateBehavior [ RunTime:0.004489s ]
INFO: [ view_parse ] --END-- [ RunTime:0.004513s ]
INFO: [ view_filter ] --START--
INFO: Run Behavior\WriteHtmlCacheBehavior [ RunTime:0.000328s ]
INFO: [ view_filter ] --END-- [ RunTime:0.000344s ]

[ 2017-12-19T14:40:25+08:00 ] ::1 /lwblog/index.php/Home/home/edit_user.html
INFO: [ app_init ] --START--
INFO: Run Behavior\BuildLiteBehavior [ RunTime:0.000008s ]
INFO: [ app_init ] --END-- [ RunTime:0.000278s ]
INFO: [ app_begin ] --START--
INFO: Run Behavior\ReadHtmlCacheBehavior [ RunTime:0.000451s ]
INFO: [ app_begin ] --END-- [ RunTime:0.000471s ]
SQL: SHOW COLUMNS FROM `info_user` [ RunTime:0.0137s ]
NOTIC: [8] Undefined index: id D:\PHP\Apache24\htdocs\lwblog\Application\Home\Controller\HomeController.class.php 第 103 行.
NOTIC: [8] Undefined index: validate D:\PHP\Apache24\htdocs\lwblog\ThinkPHP\Library\Think\Model.class.php 第 1185 行.
NOTIC: [8] Undefined index: auto D:\PHP\Apache24\htdocs\lwblog\ThinkPHP\Library\Think\Model.class.php 第 1128 行.
INFO: [ view_parse ] --START--
INFO: [ template_filter ] --START--
INFO: Run Behavior\ContentReplaceBehavior [ RunTime:0.000024s ]
INFO: [ template_filter ] --END-- [ RunTime:0.000051s ]
INFO: Run Behavior\ParseTemplateBehavior [ RunTime:0.006433s ]
INFO: [ view_parse ] --END-- [ RunTime:0.006481s ]
INFO: [ view_filter ] --START--
INFO: Run Behavior\WriteHtmlCacheBehavior [ RunTime:0.000608s ]
INFO: [ view_filter ] --END-- [ RunTime:0.000641s ]

[ 2017-12-19T14:40:27+08:00 ] ::1 /lwblog/index.php/Home/home/edit_user.html
INFO: [ app_init ] --START--
INFO: Run Behavior\BuildLiteBehavior [ RunTime:0.000009s ]
INFO: [ app_init ] --END-- [ RunTime:0.000355s ]
INFO: [ app_begin ] --START--
INFO: Run Behavior\ReadHtmlCacheBehavior [ RunTime:0.000610s ]
INFO: [ app_begin ] --END-- [ RunTime:0.000653s ]
SQL: SHOW COLUMNS FROM `info_user` [ RunTime:0.0007s ]
NOTIC: [8] Undefined index: id D:\PHP\Apache24\htdocs\lwblog\Application\Home\Controller\HomeController.class.php 第 103 行.
NOTIC: [8] Undefined index: email D:\PHP\Apache24\htdocs\lwblog\Application\Home\Controller\HomeController.class.php 第 104 行.
NOTIC: [8] Undefined index: password D:\PHP\Apache24\htdocs\lwblog\Application\Home\Controller\HomeController.class.php 第 105 行.
NOTIC: [8] Undefined index: validate D:\PHP\Apache24\htdocs\lwblog\ThinkPHP\Library\Think\Model.class.php 第 1185 行.
NOTIC: [8] Undefined index: auto D:\PHP\Apache24\htdocs\lwblog\ThinkPHP\Library\Think\Model.class.php 第 1128 行.
INFO: [ view_parse ] --START--
INFO: [ template_filter ] --START--
INFO: Run Behavior\ContentReplaceBehavior [ RunTime:0.000021s ]
INFO: [ template_filter ] --END-- [ RunTime:0.000039s ]
INFO: Run Behavior\ParseTemplateBehavior [ RunTime:0.004960s ]
INFO: [ view_parse ] --END-- [ RunTime:0.004984s ]
INFO: [ view_filter ] --START--
INFO: Run Behavior\WriteHtmlCacheBehavior [ RunTime:0.000380s ]
INFO: [ view_filter ] --END-- [ RunTime:0.000397s ]

[ 2017-12-19T14:40:49+08:00 ] ::1 /lwblog/index.php/Home/home/user/id/15.html
INFO: [ app_init ] --START--
INFO: Run Behavior\BuildLiteBehavior [ RunTime:0.000025s ]
INFO: [ app_init ] --END-- [ RunTime:0.000611s ]
INFO: [ app_begin ] --START--
INFO: Run Behavior\ReadHtmlCacheBehavior [ RunTime:0.000476s ]
INFO: [ app_begin ] --END-- [ RunTime:0.000499s ]
INFO: [ view_parse ] --START--
INFO: [ template_filter ] --START--
INFO: Run Behavior\ContentReplaceBehavior [ RunTime:0.000060s ]
INFO: [ template_filter ] --END-- [ RunTime:0.000079s ]
NOTIC: [8] Undefined variable: settings D:\PHP\Apache24\htdocs\lwblog\Application\Runtime\Cache\Home\fb299451ca09276f4008b6a8cee8aa37.php 第 180 行.
INFO: Run Behavior\ParseTemplateBehavior [ RunTime:0.033712s ]
INFO: [ view_parse ] --END-- [ RunTime:0.033735s ]
INFO: [ view_filter ] --START--
INFO: Run Behavior\WriteHtmlCacheBehavior [ RunTime:0.000437s ]
INFO: [ view_filter ] --END-- [ RunTime:0.000455s ]
INFO: [ app_end ] --START--
INFO: Run Behavior\ShowPageTraceBehavior [ RunTime:0.000912s ]
INFO: [ app_end ] --END-- [ RunTime:0.000949s ]

[ 2017-12-19T14:40:59+08:00 ] ::1 /lwblog/index.php/Home/home/edit_user.html
INFO: [ app_init ] --START--
INFO: Run Behavior\BuildLiteBehavior [ RunTime:0.000012s ]
INFO: [ app_init ] --END-- [ RunTime:0.000645s ]
INFO: [ app_begin ] --START--
INFO: Run Behavior\ReadHtmlCacheBehavior [ RunTime:0.001021s ]
INFO: [ app_begin ] --END-- [ RunTime:0.001100s ]
SQL: SHOW COLUMNS FROM `info_user` [ RunTime:0.0006s ]
NOTIC: [8] Undefined index: id D:\PHP\Apache24\htdocs\lwblog\Application\Home\Controller\HomeController.class.php 第 103 行.
NOTIC: [8] Undefined index: validate D:\PHP\Apache24\htdocs\lwblog\ThinkPHP\Library\Think\Model.class.php 第 1185 行.
NOTIC: [8] Undefined index: auto D:\PHP\Apache24\htdocs\lwblog\ThinkPHP\Library\Think\Model.class.php 第 1128 行.
INFO: [ view_parse ] --START--
INFO: [ template_filter ] --START--
INFO: Run Behavior\ContentReplaceBehavior [ RunTime:0.000023s ]
INFO: [ template_filter ] --END-- [ RunTime:0.000049s ]
INFO: Run Behavior\ParseTemplateBehavior [ RunTime:0.005368s ]
INFO: [ view_parse ] --END-- [ RunTime:0.005399s ]
INFO: [ view_filter ] --START--
INFO: Run Behavior\WriteHtmlCacheBehavior [ RunTime:0.000522s ]
INFO: [ view_filter ] --END-- [ RunTime:0.000541s ]

[ 2017-12-19T14:41:35+08:00 ] ::1 /lwblog/index.php/Home/home/user/id/15.html
INFO: [ app_init ] --START--
INFO: Run Behavior\BuildLiteBehavior [ RunTime:0.000011s ]
INFO: [ app_init ] --END-- [ RunTime:0.000879s ]
INFO: [ app_begin ] --START--
INFO: Run Behavior\ReadHtmlCacheBehavior [ RunTime:0.000706s ]
INFO: [ app_begin ] --END-- [ RunTime:0.000727s ]
INFO: [ view_parse ] --START--
INFO: [ template_filter ] --START--
INFO: Run Behavior\ContentReplaceBehavior [ RunTime:0.000059s ]
INFO: [ template_filter ] --END-- [ RunTime:0.000077s ]
NOTIC: [8] Undefined variable: settings D:\PHP\Apache24\htdocs\lwblog\Application\Runtime\Cache\Home\fb299451ca09276f4008b6a8cee8aa37.php 第 180 行.
INFO: Run Behavior\ParseTemplateBehavior [ RunTime:0.027752s ]
INFO: [ view_parse ] --END-- [ RunTime:0.027775s ]
INFO: [ view_filter ] --START--
INFO: Run Behavior\WriteHtmlCacheBehavior [ RunTime:0.000641s ]
INFO: [ view_filter ] --END-- [ RunTime:0.000677s ]
INFO: [ app_end ] --START--
INFO: Run Behavior\ShowPageTraceBehavior [ RunTime:0.000891s ]
INFO: [ app_end ] --END-- [ RunTime:0.000926s ]

[ 2017-12-19T14:41:44+08:00 ] ::1 /lwblog/index.php/Home/home/edit_user.html
INFO: [ app_init ] --START--
INFO: Run Behavior\BuildLiteBehavior [ RunTime:0.000008s ]
INFO: [ app_init ] --END-- [ RunTime:0.000412s ]
INFO: [ app_begin ] --START--
INFO: Run Behavior\ReadHtmlCacheBehavior [ RunTime:0.001008s ]
INFO: [ app_begin ] --END-- [ RunTime:0.001073s ]
SQL: SHOW COLUMNS FROM `info_user` [ RunTime:0.0006s ]
NOTIC: [8] Undefined index: id D:\PHP\Apache24\htdocs\lwblog\Application\Home\Controller\HomeController.class.php 第 103 行.

[ 2017-12-19T14:42:24+08:00 ] ::1 /lwblog/index.php/Home/home/user/id/15.html
INFO: [ app_init ] --START--
INFO: Run Behavior\BuildLiteBehavior [ RunTime:0.000006s ]
INFO: [ app_init ] --END-- [ RunTime:0.000286s ]
INFO: [ app_begin ] --START--
INFO: Run Behavior\ReadHtmlCacheBehavior [ RunTime:0.000895s ]
INFO: [ app_begin ] --END-- [ RunTime:0.000948s ]
INFO: [ view_parse ] --START--
INFO: [ template_filter ] --START--
INFO: Run Behavior\ContentReplaceBehavior [ RunTime:0.000061s ]
INFO: [ template_filter ] --END-- [ RunTime:0.000087s ]
NOTIC: [8] Undefined variable: settings D:\PHP\Apache24\htdocs\lwblog\Application\Runtime\Cache\Home\fb299451ca09276f4008b6a8cee8aa37.php 第 180 行.
INFO: Run Behavior\ParseTemplateBehavior [ RunTime:0.028753s ]
INFO: [ view_parse ] --END-- [ RunTime:0.028853s ]
INFO: [ view_filter ] --START--
INFO: Run Behavior\WriteHtmlCacheBehavior [ RunTime:0.000779s ]
INFO: [ view_filter ] --END-- [ RunTime:0.000809s ]
INFO: [ app_end ] --START--
INFO: Run Behavior\ShowPageTraceBehavior [ RunTime:0.001378s ]
INFO: [ app_end ] --END-- [ RunTime:0.001438s ]

[ 2017-12-19T14:42:33+08:00 ] ::1 /lwblog/index.php/Home/home/user/id/15.html
INFO: [ app_init ] --START--
INFO: Run Behavior\BuildLiteBehavior [ RunTime:0.000009s ]
INFO: [ app_init ] --END-- [ RunTime:0.000302s ]
INFO: [ app_begin ] --START--
INFO: Run Behavior\ReadHtmlCacheBehavior [ RunTime:0.000502s ]
INFO: [ app_begin ] --END-- [ RunTime:0.000531s ]
INFO: [ view_parse ] --START--
INFO: [ template_filter ] --START--
INFO: Run Behavior\ContentReplaceBehavior [ RunTime:0.000059s ]
INFO: [ template_filter ] --END-- [ RunTime:0.000079s ]
NOTIC: [8] Undefined variable: settings D:\PHP\Apache24\htdocs\lwblog\Application\Runtime\Cache\Home\fb299451ca09276f4008b6a8cee8aa37.php 第 180 行.
INFO: Run Behavior\ParseTemplateBehavior [ RunTime:0.028751s ]
INFO: [ view_parse ] --END-- [ RunTime:0.028774s ]
INFO: [ view_filter ] --START--
INFO: Run Behavior\WriteHtmlCacheBehavior [ RunTime:0.000370s ]
INFO: [ view_filter ] --END-- [ RunTime:0.000388s ]
INFO: [ app_end ] --START--
INFO: Run Behavior\ShowPageTraceBehavior [ RunTime:0.000550s ]
INFO: [ app_end ] --END-- [ RunTime:0.000572s ]

[ 2017-12-19T14:42:43+08:00 ] ::1 /lwblog/index.php/Home/home/edit_user.html
INFO: [ app_init ] --START--
INFO: Run Behavior\BuildLiteBehavior [ RunTime:0.000007s ]
INFO: [ app_init ] --END-- [ RunTime:0.000356s ]
INFO: [ app_begin ] --START--
INFO: Run Behavior\ReadHtmlCacheBehavior [ RunTime:0.000944s ]
INFO: [ app_begin ] --END-- [ RunTime:0.001010s ]
SQL: SHOW COLUMNS FROM `info_user` [ RunTime:0.0006s ]
NOTIC: [8] Undefined index: id D:\PHP\Apache24\htdocs\lwblog\Application\Home\Controller\HomeController.class.php 第 103 行.

[ 2017-12-19T14:43:58+08:00 ] ::1 /lwblog/index.php/Home/home/edit_user.html
INFO: [ app_init ] --START--
INFO: Run Behavior\BuildLiteBehavior [ RunTime:0.000022s ]
INFO: [ app_init ] --END-- [ RunTime:0.000457s ]
INFO: [ app_begin ] --START--
INFO: Run Behavior\ReadHtmlCacheBehavior [ RunTime:0.000920s ]
INFO: [ app_begin ] --END-- [ RunTime:0.000987s ]
SQL: SHOW COLUMNS FROM `info_user` [ RunTime:0.0166s ]
NOTIC: [8] Undefined index: id D:\PHP\Apache24\htdocs\lwblog\Application\Home\Controller\HomeController.class.php 第 103 行.

[ 2017-12-19T14:44:04+08:00 ] ::1 /lwblog/index.php/Home/home/user/id/15.html
INFO: [ app_init ] --START--
INFO: Run Behavior\BuildLiteBehavior [ RunTime:0.000014s ]
INFO: [ app_init ] --END-- [ RunTime:0.000575s ]
INFO: [ app_begin ] --START--
INFO: Run Behavior\ReadHtmlCacheBehavior [ RunTime:0.000836s ]
INFO: [ app_begin ] --END-- [ RunTime:0.000896s ]
INFO: [ view_parse ] --START--
INFO: [ template_filter ] --START--
INFO: Run Behavior\ContentReplaceBehavior [ RunTime:0.000063s ]
INFO: [ template_filter ] --END-- [ RunTime:0.000089s ]
NOTIC: [8] Undefined variable: settings D:\PHP\Apache24\htdocs\lwblog\Application\Runtime\Cache\Home\fb299451ca09276f4008b6a8cee8aa37.php 第 180 行.
INFO: Run Behavior\ParseTemplateBehavior [ RunTime:0.040881s ]
INFO: [ view_parse ] --END-- [ RunTime:0.040925s ]
INFO: [ view_filter ] --START--
INFO: Run Behavior\WriteHtmlCacheBehavior [ RunTime:0.001066s ]
INFO: [ view_filter ] --END-- [ RunTime:0.001106s ]
INFO: [ app_end ] --START--
INFO: Run Behavior\ShowPageTraceBehavior [ RunTime:0.001337s ]
INFO: [ app_end ] --END-- [ RunTime:0.001403s ]

[ 2017-12-19T14:44:12+08:00 ] ::1 /lwblog/index.php/Home/home/edit_user.html
INFO: [ app_init ] --START--
INFO: Run Behavior\BuildLiteBehavior [ RunTime:0.000007s ]
INFO: [ app_init ] --END-- [ RunTime:0.000813s ]
INFO: [ app_begin ] --START--
INFO: Run Behavior\ReadHtmlCacheBehavior [ RunTime:0.000752s ]
INFO: [ app_begin ] --END-- [ RunTime:0.000786s ]
SQL: SHOW COLUMNS FROM `info_user` [ RunTime:0.0006s ]

[ 2017-12-19T14:44:22+08:00 ] ::1 /lwblog/index.php/Home/home/user/id/15.html
INFO: [ app_init ] --START--
INFO: Run Behavior\BuildLiteBehavior [ RunTime:0.000009s ]
INFO: [ app_init ] --END-- [ RunTime:0.000316s ]
INFO: [ app_begin ] --START--
INFO: Run Behavior\ReadHtmlCacheBehavior [ RunTime:0.000472s ]
INFO: [ app_begin ] --END-- [ RunTime:0.000494s ]
INFO: [ view_parse ] --START--
INFO: [ template_filter ] --START--
INFO: Run Behavior\ContentReplaceBehavior [ RunTime:0.000065s ]
INFO: [ template_filter ] --END-- [ RunTime:0.000094s ]
NOTIC: [8] Undefined variable: settings D:\PHP\Apache24\htdocs\lwblog\Application\Runtime\Cache\Home\fb299451ca09276f4008b6a8cee8aa37.php 第 180 行.
INFO: Run Behavior\ParseTemplateBehavior [ RunTime:0.050123s ]
INFO: [ view_parse ] --END-- [ RunTime:0.050155s ]
INFO: [ view_filter ] --START--
INFO: Run Behavior\WriteHtmlCacheBehavior [ RunTime:0.000621s ]
INFO: [ view_filter ] --END-- [ RunTime:0.000641s ]
INFO: [ app_end ] --START--
INFO: Run Behavior\ShowPageTraceBehavior [ RunTime:0.001094s ]
INFO: [ app_end ] --END-- [ RunTime:0.001125s ]

[ 2017-12-19T14:44:22+08:00 ] ::1 /lwblog/index.php/Home/home/user/id/15.html
INFO: [ app_init ] --START--
INFO: Run Behavior\BuildLiteBehavior [ RunTime:0.000009s ]
INFO: [ app_init ] --END-- [ RunTime:0.000507s ]
INFO: [ app_begin ] --START--
INFO: Run Behavior\ReadHtmlCacheBehavior [ RunTime:0.001211s ]
INFO: [ app_begin ] --END-- [ RunTime:0.001261s ]
INFO: [ view_parse ] --START--
INFO: [ template_filter ] --START--
INFO: Run Behavior\ContentReplaceBehavior [ RunTime:0.000064s ]
INFO: [ template_filter ] --END-- [ RunTime:0.000085s ]
NOTIC: [8] Undefined variable: settings D:\PHP\Apache24\htdocs\lwblog\Application\Runtime\Cache\Home\fb299451ca09276f4008b6a8cee8aa37.php 第 180 行.
INFO: Run Behavior\ParseTemplateBehavior [ RunTime:0.033450s ]
INFO: [ view_parse ] --END-- [ RunTime:0.033475s ]
INFO: [ view_filter ] --START--
INFO: Run Behavior\WriteHtmlCacheBehavior [ RunTime:0.000449s ]
INFO: [ view_filter ] --END-- [ RunTime:0.000469s ]
INFO: [ app_end ] --START--
INFO: Run Behavior\ShowPageTraceBehavior [ RunTime:0.000628s ]
INFO: [ app_end ] --END-- [ RunTime:0.000664s ]

[ 2017-12-19T14:44:32+08:00 ] ::1 /lwblog/index.php/Home/home/edit_user.html
INFO: [ app_init ] --START--
INFO: Run Behavior\BuildLiteBehavior [ RunTime:0.000009s ]
INFO: [ app_init ] --END-- [ RunTime:0.000383s ]
INFO: [ app_begin ] --START--
INFO: Run Behavior\ReadHtmlCacheBehavior [ RunTime:0.000920s ]
INFO: [ app_begin ] --END-- [ RunTime:0.000967s ]
SQL: SHOW COLUMNS FROM `info_user` [ RunTime:0.0245s ]
NOTIC: [8] Undefined index: validate D:\PHP\Apache24\htdocs\lwblog\ThinkPHP\Library\Think\Model.class.php 第 1185 行.
NOTIC: [8] Undefined index: auto D:\PHP\Apache24\htdocs\lwblog\ThinkPHP\Library\Think\Model.class.php 第 1128 行.
SQL: UPDATE `info_user` SET `email`='1426095888@qq.com',`password`='demo' WHERE `id` = 15 [ RunTime:0.2052s ]
INFO: [ view_parse ] --START--
INFO: [ template_filter ] --START--
INFO: Run Behavior\ContentReplaceBehavior [ RunTime:0.000021s ]
INFO: [ template_filter ] --END-- [ RunTime:0.000041s ]
INFO: Run Behavior\ParseTemplateBehavior [ RunTime:0.005756s ]
INFO: [ view_parse ] --END-- [ RunTime:0.005788s ]
INFO: [ view_filter ] --START--
INFO: Run Behavior\WriteHtmlCacheBehavior [ RunTime:0.000539s ]
INFO: [ view_filter ] --END-- [ RunTime:0.000558s ]
INFO: [ app_end ] --START--
INFO: Run Behavior\ShowPageTraceBehavior [ RunTime:0.000926s ]
INFO: [ app_end ] --END-- [ RunTime:0.000953s ]

[ 2017-12-19T14:44:33+08:00 ] ::1 /lwblog/index.php/Home/home/user/id/15.html
INFO: [ app_init ] --START--
INFO: Run Behavior\BuildLiteBehavior [ RunTime:0.000013s ]
INFO: [ app_init ] --END-- [ RunTime:0.000366s ]
INFO: [ app_begin ] --START--
INFO: Run Behavior\ReadHtmlCacheBehavior [ RunTime:0.000462s ]
INFO: [ app_begin ] --END-- [ RunTime:0.000482s ]
INFO: [ view_parse ] --START--
INFO: [ template_filter ] --START--
INFO: Run Behavior\ContentReplaceBehavior [ RunTime:0.000062s ]
INFO: [ template_filter ] --END-- [ RunTime:0.000086s ]
NOTIC: [8] Undefined variable: settings D:\PHP\Apache24\htdocs\lwblog\Application\Runtime\Cache\Home\fb299451ca09276f4008b6a8cee8aa37.php 第 180 行.
INFO: Run Behavior\ParseTemplateBehavior [ RunTime:0.030918s ]
INFO: [ view_parse ] --END-- [ RunTime:0.030942s ]
INFO: [ view_filter ] --START--
INFO: Run Behavior\WriteHtmlCacheBehavior [ RunTime:0.000380s ]
INFO: [ view_filter ] --END-- [ RunTime:0.000401s ]
INFO: [ app_end ] --START--
INFO: Run Behavior\ShowPageTraceBehavior [ RunTime:0.000603s ]
INFO: [ app_end ] --END-- [ RunTime:0.000626s ]

[ 2017-12-19T14:47:58+08:00 ] ::1 /lwblog/index.php/Home/home/user/id/15.html
INFO: [ app_init ] --START--
INFO: Run Behavior\BuildLiteBehavior [ RunTime:0.000007s ]
INFO: [ app_init ] --END-- [ RunTime:0.000365s ]
INFO: [ app_begin ] --START--
INFO: Run Behavior\ReadHtmlCacheBehavior [ RunTime:0.000926s ]
INFO: [ app_begin ] --END-- [ RunTime:0.000961s ]
INFO: [ view_parse ] --START--
INFO: [ template_filter ] --START--
INFO: Run Behavior\ContentReplaceBehavior [ RunTime:0.000060s ]
INFO: [ template_filter ] --END-- [ RunTime:0.000080s ]
NOTIC: [8] Undefined variable: settings D:\PHP\Apache24\htdocs\lwblog\Application\Runtime\Cache\Home\fb299451ca09276f4008b6a8cee8aa37.php 第 180 行.
INFO: Run Behavior\ParseTemplateBehavior [ RunTime:0.027731s ]
INFO: [ view_parse ] --END-- [ RunTime:0.027758s ]
INFO: [ view_filter ] --START--
INFO: Run Behavior\WriteHtmlCacheBehavior [ RunTime:0.000575s ]
INFO: [ view_filter ] --END-- [ RunTime:0.000605s ]
INFO: [ app_end ] --START--
INFO: Run Behavior\ShowPageTraceBehavior [ RunTime:0.000991s ]
INFO: [ app_end ] --END-- [ RunTime:0.001065s ]

[ 2017-12-19T14:48:41+08:00 ] ::1 /lwblog/index.php/Home/home/user/id/15.html
INFO: [ app_init ] --START--
INFO: Run Behavior\BuildLiteBehavior [ RunTime:0.000009s ]
INFO: [ app_init ] --END-- [ RunTime:0.000412s ]
INFO: [ app_begin ] --START--
INFO: Run Behavior\ReadHtmlCacheBehavior [ RunTime:0.000799s ]
INFO: [ app_begin ] --END-- [ RunTime:0.000827s ]
INFO: [ view_parse ] --START--
INFO: [ template_filter ] --START--
INFO: Run Behavior\ContentReplaceBehavior [ RunTime:0.000065s ]
INFO: [ template_filter ] --END-- [ RunTime:0.000085s ]
NOTIC: [8] Undefined variable: settings D:\PHP\Apache24\htdocs\lwblog\Application\Runtime\Cache\Home\fb299451ca09276f4008b6a8cee8aa37.php 第 180 行.
INFO: Run Behavior\ParseTemplateBehavior [ RunTime:0.030108s ]
INFO: [ view_parse ] --END-- [ RunTime:0.030131s ]
INFO: [ view_filter ] --START--
INFO: Run Behavior\WriteHtmlCacheBehavior [ RunTime:0.000575s ]
INFO: [ view_filter ] --END-- [ RunTime:0.000593s ]
INFO: [ app_end ] --START--
INFO: Run Behavior\ShowPageTraceBehavior [ RunTime:0.000930s ]
INFO: [ app_end ] --END-- [ RunTime:0.000958s ]

[ 2017-12-19T14:48:41+08:00 ] ::1 /lwblog/index.php/Home/home/user/id/15.html
INFO: [ app_init ] --START--
INFO: Run Behavior\BuildLiteBehavior [ RunTime:0.000007s ]
INFO: [ app_init ] --END-- [ RunTime:0.000286s ]
INFO: [ app_begin ] --START--
INFO: Run Behavior\ReadHtmlCacheBehavior [ RunTime:0.000467s ]
INFO: [ app_begin ] --END-- [ RunTime:0.000488s ]
INFO: [ view_parse ] --START--
INFO: [ template_filter ] --START--
INFO: Run Behavior\ContentReplaceBehavior [ RunTime:0.000061s ]
INFO: [ template_filter ] --END-- [ RunTime:0.000086s ]
NOTIC: [8] Undefined variable: settings D:\PHP\Apache24\htdocs\lwblog\Application\Runtime\Cache\Home\fb299451ca09276f4008b6a8cee8aa37.php 第 180 行.
INFO: Run Behavior\ParseTemplateBehavior [ RunTime:0.027718s ]
INFO: [ view_parse ] --END-- [ RunTime:0.027750s ]
INFO: [ view_filter ] --START--
INFO: Run Behavior\WriteHtmlCacheBehavior [ RunTime:0.000379s ]
INFO: [ view_filter ] --END-- [ RunTime:0.000398s ]
INFO: [ app_end ] --START--
INFO: Run Behavior\ShowPageTraceBehavior [ RunTime:0.000512s ]
INFO: [ app_end ] --END-- [ RunTime:0.000532s ]

[ 2017-12-19T14:48:42+08:00 ] ::1 /lwblog/index.php/Home/home/user/id/15.html
INFO: [ app_init ] --START--
INFO: Run Behavior\BuildLiteBehavior [ RunTime:0.000006s ]
INFO: [ app_init ] --END-- [ RunTime:0.000280s ]
INFO: [ app_begin ] --START--
INFO: Run Behavior\ReadHtmlCacheBehavior [ RunTime:0.000457s ]
INFO: [ app_begin ] --END-- [ RunTime:0.000478s ]
INFO: [ view_parse ] --START--
INFO: [ template_filter ] --START--
INFO: Run Behavior\ContentReplaceBehavior [ RunTime:0.000058s ]
INFO: [ template_filter ] --END-- [ RunTime:0.000080s ]
NOTIC: [8] Undefined variable: settings D:\PHP\Apache24\htdocs\lwblog\Application\Runtime\Cache\Home\fb299451ca09276f4008b6a8cee8aa37.php 第 180 行.
INFO: Run Behavior\ParseTemplateBehavior [ RunTime:0.026845s ]
INFO: [ view_parse ] --END-- [ RunTime:0.026868s ]
INFO: [ view_filter ] --START--
INFO: Run Behavior\WriteHtmlCacheBehavior [ RunTime:0.000359s ]
INFO: [ view_filter ] --END-- [ RunTime:0.000376s ]
INFO: [ app_end ] --START--
INFO: Run Behavior\ShowPageTraceBehavior [ RunTime:0.000626s ]
INFO: [ app_end ] --END-- [ RunTime:0.000649s ]

[ 2017-12-19T14:48:42+08:00 ] ::1 /lwblog/index.php/Home/home/user/id/15.html
INFO: [ app_init ] --START--
INFO: Run Behavior\BuildLiteBehavior [ RunTime:0.000008s ]
INFO: [ app_init ] --END-- [ RunTime:0.000306s ]
INFO: [ app_begin ] --START--
INFO: Run Behavior\ReadHtmlCacheBehavior [ RunTime:0.000560s ]
INFO: [ app_begin ] --END-- [ RunTime:0.000583s ]
INFO: [ view_parse ] --START--
INFO: [ template_filter ] --START--
INFO: Run Behavior\ContentReplaceBehavior [ RunTime:0.000121s ]
INFO: [ template_filter ] --END-- [ RunTime:0.000161s ]
NOTIC: [8] Undefined variable: settings D:\PHP\Apache24\htdocs\lwblog\Application\Runtime\Cache\Home\fb299451ca09276f4008b6a8cee8aa37.php 第 180 行.
INFO: Run Behavior\ParseTemplateBehavior [ RunTime:0.030120s ]
INFO: [ view_parse ] --END-- [ RunTime:0.030146s ]
INFO: [ view_filter ] --START--
INFO: Run Behavior\WriteHtmlCacheBehavior [ RunTime:0.000398s ]
INFO: [ view_filter ] --END-- [ RunTime:0.000416s ]
INFO: [ app_end ] --START--
INFO: Run Behavior\ShowPageTraceBehavior [ RunTime:0.000540s ]
INFO: [ app_end ] --END-- [ RunTime:0.000560s ]

[ 2017-12-19T14:48:42+08:00 ] ::1 /lwblog/index.php/Home/home/user/id/15.html
INFO: [ app_init ] --START--
INFO: Run Behavior\BuildLiteBehavior [ RunTime:0.000008s ]
INFO: [ app_init ] --END-- [ RunTime:0.000302s ]
INFO: [ app_begin ] --START--
INFO: Run Behavior\ReadHtmlCacheBehavior [ RunTime:0.000501s ]
INFO: [ app_begin ] --END-- [ RunTime:0.000524s ]
INFO: [ view_parse ] --START--
INFO: [ template_filter ] --START--
INFO: Run Behavior\ContentReplaceBehavior [ RunTime:0.000061s ]
INFO: [ template_filter ] --END-- [ RunTime:0.000081s ]
NOTIC: [8] Undefined variable: settings D:\PHP\Apache24\htdocs\lwblog\Application\Runtime\Cache\Home\fb299451ca09276f4008b6a8cee8aa37.php 第 180 行.
INFO: Run Behavior\ParseTemplateBehavior [ RunTime:0.029019s ]
INFO: [ view_parse ] --END-- [ RunTime:0.029043s ]
INFO: [ view_filter ] --START--
INFO: Run Behavior\WriteHtmlCacheBehavior [ RunTime:0.000379s ]
INFO: [ view_filter ] --END-- [ RunTime:0.000397s ]
INFO: [ app_end ] --START--
INFO: Run Behavior\ShowPageTraceBehavior [ RunTime:0.000761s ]
INFO: [ app_end ] --END-- [ RunTime:0.000811s ]

[ 2017-12-19T14:48:43+08:00 ] ::1 /lwblog/index.php/Home/home/user/id/15.html
INFO: [ app_init ] --START--
INFO: Run Behavior\BuildLiteBehavior [ RunTime:0.000007s ]
INFO: [ app_init ] --END-- [ RunTime:0.000287s ]
INFO: [ app_begin ] --START--
INFO: Run Behavior\ReadHtmlCacheBehavior [ RunTime:0.000579s ]
INFO: [ app_begin ] --END-- [ RunTime:0.000637s ]
INFO: [ view_parse ] --START--
INFO: [ template_filter ] --START--
INFO: Run Behavior\ContentReplaceBehavior [ RunTime:0.000059s ]
INFO: [ template_filter ] --END-- [ RunTime:0.000081s ]
NOTIC: [8] Undefined variable: settings D:\PHP\Apache24\htdocs\lwblog\Application\Runtime\Cache\Home\fb299451ca09276f4008b6a8cee8aa37.php 第 180 行.
INFO: Run Behavior\ParseTemplateBehavior [ RunTime:0.027331s ]
INFO: [ view_parse ] --END-- [ RunTime:0.027356s ]
INFO: [ view_filter ] --START--
INFO: Run Behavior\WriteHtmlCacheBehavior [ RunTime:0.000421s ]
INFO: [ view_filter ] --END-- [ RunTime:0.000444s ]
INFO: [ app_end ] --START--
INFO: Run Behavior\ShowPageTraceBehavior [ RunTime:0.000709s ]
INFO: [ app_end ] --END-- [ RunTime:0.000731s ]

[ 2017-12-19T14:48:43+08:00 ] ::1 /lwblog/index.php/Home/home/user/id/15.html
INFO: [ app_init ] --START--
INFO: Run Behavior\BuildLiteBehavior [ RunTime:0.000007s ]
INFO: [ app_init ] --END-- [ RunTime:0.000283s ]
INFO: [ app_begin ] --START--
INFO: Run Behavior\ReadHtmlCacheBehavior [ RunTime:0.000600s ]
INFO: [ app_begin ] --END-- [ RunTime:0.000629s ]
INFO: [ view_parse ] --START--
INFO: [ template_filter ] --START--
INFO: Run Behavior\ContentReplaceBehavior [ RunTime:0.000065s ]
INFO: [ template_filter ] --END-- [ RunTime:0.000092s ]
NOTIC: [8] Undefined variable: settings D:\PHP\Apache24\htdocs\lwblog\Application\Runtime\Cache\Home\fb299451ca09276f4008b6a8cee8aa37.php 第 180 行.
INFO: Run Behavior\ParseTemplateBehavior [ RunTime:0.038660s ]
INFO: [ view_parse ] --END-- [ RunTime:0.038688s ]
INFO: [ view_filter ] --START--
INFO: Run Behavior\WriteHtmlCacheBehavior [ RunTime:0.000430s ]
INFO: [ view_filter ] --END-- [ RunTime:0.000460s ]
INFO: [ app_end ] --START--
INFO: Run Behavior\ShowPageTraceBehavior [ RunTime:0.000653s ]
INFO: [ app_end ] --END-- [ RunTime:0.000681s ]

[ 2017-12-19T14:48:44+08:00 ] ::1 /lwblog/index.php/Home/home/diary.html
INFO: [ app_init ] --START--
INFO: Run Behavior\BuildLiteBehavior [ RunTime:0.000007s ]
INFO: [ app_init ] --END-- [ RunTime:0.000280s ]
INFO: [ app_begin ] --START--
INFO: Run Behavior\ReadHtmlCacheBehavior [ RunTime:0.000461s ]
INFO: [ app_begin ] --END-- [ RunTime:0.000482s ]
SQL: SHOW COLUMNS FROM `info_log` [ RunTime:0.0260s ]
SQL: SELECT COUNT(*) AS tp_count FROM `info_log` LIMIT 1   [ RunTime:0.0002s ]
SQL: SELECT * FROM `info_log` ORDER BY date desc LIMIT 0,10   [ RunTime:0.0002s ]
INFO: [ view_parse ] --START--
INFO: [ template_filter ] --START--
INFO: Run Behavior\ContentReplaceBehavior [ RunTime:0.000042s ]
INFO: [ template_filter ] --END-- [ RunTime:0.000067s ]
NOTIC: [8] Undefined variable: settings D:\PHP\Apache24\htdocs\lwblog\Application\Runtime\Cache\Home\035535c686d736f9159fdb86d1e4c1be.php 第 102 行.
INFO: Run Behavior\ParseTemplateBehavior [ RunTime:0.067544s ]
INFO: [ view_parse ] --END-- [ RunTime:0.067573s ]
INFO: [ view_filter ] --START--
INFO: Run Behavior\WriteHtmlCacheBehavior [ RunTime:0.000489s ]
INFO: [ view_filter ] --END-- [ RunTime:0.000506s ]
INFO: [ app_end ] --START--
INFO: Run Behavior\ShowPageTraceBehavior [ RunTime:0.000533s ]
INFO: [ app_end ] --END-- [ RunTime:0.000551s ]

[ 2017-12-19T14:48:45+08:00 ] ::1 /lwblog/index.php/Home/home/user/id/15.html
INFO: [ app_init ] --START--
INFO: Run Behavior\BuildLiteBehavior [ RunTime:0.000007s ]
INFO: [ app_init ] --END-- [ RunTime:0.000276s ]
INFO: [ app_begin ] --START--
INFO: Run Behavior\ReadHtmlCacheBehavior [ RunTime:0.000463s ]
INFO: [ app_begin ] --END-- [ RunTime:0.000484s ]
INFO: [ view_parse ] --START--
INFO: [ template_filter ] --START--
INFO: Run Behavior\ContentReplaceBehavior [ RunTime:0.000057s ]
INFO: [ template_filter ] --END-- [ RunTime:0.000075s ]
NOTIC: [8] Undefined variable: settings D:\PHP\Apache24\htdocs\lwblog\Application\Runtime\Cache\Home\fb299451ca09276f4008b6a8cee8aa37.php 第 180 行.
INFO: Run Behavior\ParseTemplateBehavior [ RunTime:0.026297s ]
INFO: [ view_parse ] --END-- [ RunTime:0.026322s ]
INFO: [ view_filter ] --START--
INFO: Run Behavior\WriteHtmlCacheBehavior [ RunTime:0.000384s ]
INFO: [ view_filter ] --END-- [ RunTime:0.000400s ]
INFO: [ app_end ] --START--
INFO: Run Behavior\ShowPageTraceBehavior [ RunTime:0.000685s ]
INFO: [ app_end ] --END-- [ RunTime:0.000714s ]

[ 2017-12-19T14:50:07+08:00 ] ::1 /lwblog/index.php/Home/home/user/id/15.html
INFO: [ app_init ] --START--
INFO: Run Behavior\BuildLiteBehavior [ RunTime:0.000009s ]
INFO: [ app_init ] --END-- [ RunTime:0.000385s ]
INFO: [ app_begin ] --START--
INFO: Run Behavior\ReadHtmlCacheBehavior [ RunTime:0.000692s ]
INFO: [ app_begin ] --END-- [ RunTime:0.000712s ]
INFO: [ view_parse ] --START--
INFO: [ template_filter ] --START--
INFO: Run Behavior\ContentReplaceBehavior [ RunTime:0.000061s ]
INFO: [ template_filter ] --END-- [ RunTime:0.000079s ]
NOTIC: [8] Undefined variable: settings D:\PHP\Apache24\htdocs\lwblog\Application\Runtime\Cache\Home\fb299451ca09276f4008b6a8cee8aa37.php 第 180 行.
INFO: Run Behavior\ParseTemplateBehavior [ RunTime:0.030236s ]
INFO: [ view_parse ] --END-- [ RunTime:0.030260s ]
INFO: [ view_filter ] --START--
INFO: Run Behavior\WriteHtmlCacheBehavior [ RunTime:0.000549s ]
INFO: [ view_filter ] --END-- [ RunTime:0.000567s ]
INFO: [ app_end ] --START--
INFO: Run Behavior\ShowPageTraceBehavior [ RunTime:0.000884s ]
INFO: [ app_end ] --END-- [ RunTime:0.000916s ]

[ 2017-12-19T14:51:27+08:00 ] ::1 /lwblog/index.php/Home/home/user/id/15.html
INFO: [ app_init ] --START--
INFO: Run Behavior\BuildLiteBehavior [ RunTime:0.000019s ]
INFO: [ app_init ] --END-- [ RunTime:0.000603s ]
INFO: [ app_begin ] --START--
INFO: Run Behavior\ReadHtmlCacheBehavior [ RunTime:0.000705s ]
INFO: [ app_begin ] --END-- [ RunTime:0.000726s ]
INFO: [ view_parse ] --START--
INFO: [ template_filter ] --START--
INFO: Run Behavior\ContentReplaceBehavior [ RunTime:0.000079s ]
INFO: [ template_filter ] --END-- [ RunTime:0.000097s ]
NOTIC: [8] Undefined variable: data D:\PHP\Apache24\htdocs\lwblog\Application\Runtime\Cache\Home\fb299451ca09276f4008b6a8cee8aa37.php 第 138 行.
NOTIC: [8] Undefined variable: settings D:\PHP\Apache24\htdocs\lwblog\Application\Runtime\Cache\Home\fb299451ca09276f4008b6a8cee8aa37.php 第 180 行.
INFO: Run Behavior\ParseTemplateBehavior [ RunTime:0.028530s ]
INFO: [ view_parse ] --END-- [ RunTime:0.028553s ]
INFO: [ view_filter ] --START--
INFO: Run Behavior\WriteHtmlCacheBehavior [ RunTime:0.000563s ]
INFO: [ view_filter ] --END-- [ RunTime:0.000581s ]
INFO: [ app_end ] --START--
INFO: Run Behavior\ShowPageTraceBehavior [ RunTime:0.000857s ]
INFO: [ app_end ] --END-- [ RunTime:0.000887s ]

[ 2017-12-19T14:51:28+08:00 ] ::1 /lwblog/index.php/Home/home/user/id/15.html
INFO: [ app_init ] --START--
INFO: Run Behavior\BuildLiteBehavior [ RunTime:0.000007s ]
INFO: [ app_init ] --END-- [ RunTime:0.000293s ]
INFO: [ app_begin ] --START--
INFO: Run Behavior\ReadHtmlCacheBehavior [ RunTime:0.000591s ]
INFO: [ app_begin ] --END-- [ RunTime:0.000614s ]
INFO: [ view_parse ] --START--
INFO: [ template_filter ] --START--
INFO: Run Behavior\ContentReplaceBehavior [ RunTime:0.000063s ]
INFO: [ template_filter ] --END-- [ RunTime:0.000089s ]
NOTIC: [8] Undefined variable: data D:\PHP\Apache24\htdocs\lwblog\Application\Runtime\Cache\Home\fb299451ca09276f4008b6a8cee8aa37.php 第 138 行.
NOTIC: [8] Undefined variable: settings D:\PHP\Apache24\htdocs\lwblog\Application\Runtime\Cache\Home\fb299451ca09276f4008b6a8cee8aa37.php 第 180 行.
INFO: Run Behavior\ParseTemplateBehavior [ RunTime:0.029340s ]
INFO: [ view_parse ] --END-- [ RunTime:0.029369s ]
INFO: [ view_filter ] --START--
INFO: Run Behavior\WriteHtmlCacheBehavior [ RunTime:0.000379s ]
INFO: [ view_filter ] --END-- [ RunTime:0.000397s ]
INFO: [ app_end ] --START--
INFO: Run Behavior\ShowPageTraceBehavior [ RunTime:0.000615s ]
INFO: [ app_end ] --END-- [ RunTime:0.000639s ]

[ 2017-12-19T14:52:18+08:00 ] ::1 /lwblog/index.php/Home/home/user/id/15.html
INFO: [ app_init ] --START--
INFO: Run Behavior\BuildLiteBehavior [ RunTime:0.000014s ]
INFO: [ app_init ] --END-- [ RunTime:0.000514s ]
INFO: [ app_begin ] --START--
INFO: Run Behavior\ReadHtmlCacheBehavior [ RunTime:0.001025s ]
INFO: [ app_begin ] --END-- [ RunTime:0.001055s ]
INFO: [ view_parse ] --START--
INFO: [ template_filter ] --START--
INFO: Run Behavior\ContentReplaceBehavior [ RunTime:0.000070s ]
INFO: [ template_filter ] --END-- [ RunTime:0.000096s ]
NOTIC: [8] Undefined variable: array D:\PHP\Apache24\htdocs\lwblog\Application\Runtime\Cache\Home\fb299451ca09276f4008b6a8cee8aa37.php 第 138 行.
NOTIC: [8] Undefined variable: settings D:\PHP\Apache24\htdocs\lwblog\Application\Runtime\Cache\Home\fb299451ca09276f4008b6a8cee8aa37.php 第 180 行.
INFO: Run Behavior\ParseTemplateBehavior [ RunTime:0.031085s ]
INFO: [ view_parse ] --END-- [ RunTime:0.031109s ]
INFO: [ view_filter ] --START--
INFO: Run Behavior\WriteHtmlCacheBehavior [ RunTime:0.000592s ]
INFO: [ view_filter ] --END-- [ RunTime:0.000611s ]
INFO: [ app_end ] --START--
INFO: Run Behavior\ShowPageTraceBehavior [ RunTime:0.001047s ]
INFO: [ app_end ] --END-- [ RunTime:0.001076s ]

[ 2017-12-19T14:52:18+08:00 ] ::1 /lwblog/index.php/Home/home/user/id/15.html
INFO: [ app_init ] --START--
INFO: Run Behavior\BuildLiteBehavior [ RunTime:0.000007s ]
INFO: [ app_init ] --END-- [ RunTime:0.000300s ]
INFO: [ app_begin ] --START--
INFO: Run Behavior\ReadHtmlCacheBehavior [ RunTime:0.000533s ]
INFO: [ app_begin ] --END-- [ RunTime:0.000561s ]
INFO: [ view_parse ] --START--
INFO: [ template_filter ] --START--
INFO: Run Behavior\ContentReplaceBehavior [ RunTime:0.000060s ]
INFO: [ template_filter ] --END-- [ RunTime:0.000085s ]
NOTIC: [8] Undefined variable: array D:\PHP\Apache24\htdocs\lwblog\Application\Runtime\Cache\Home\fb299451ca09276f4008b6a8cee8aa37.php 第 138 行.
NOTIC: [8] Undefined variable: settings D:\PHP\Apache24\htdocs\lwblog\Application\Runtime\Cache\Home\fb299451ca09276f4008b6a8cee8aa37.php 第 180 行.
INFO: Run Behavior\ParseTemplateBehavior [ RunTime:0.027150s ]
INFO: [ view_parse ] --END-- [ RunTime:0.027180s ]
INFO: [ view_filter ] --START--
INFO: Run Behavior\WriteHtmlCacheBehavior [ RunTime:0.000382s ]
INFO: [ view_filter ] --END-- [ RunTime:0.000400s ]
INFO: [ app_end ] --START--
INFO: Run Behavior\ShowPageTraceBehavior [ RunTime:0.000626s ]
INFO: [ app_end ] --END-- [ RunTime:0.000651s ]

[ 2017-12-19T14:52:18+08:00 ] ::1 /lwblog/index.php/Home/home/user/id/15.html
INFO: [ app_init ] --START--
INFO: Run Behavior\BuildLiteBehavior [ RunTime:0.000009s ]
INFO: [ app_init ] --END-- [ RunTime:0.000334s ]
INFO: [ app_begin ] --START--
INFO: Run Behavior\ReadHtmlCacheBehavior [ RunTime:0.000546s ]
INFO: [ app_begin ] --END-- [ RunTime:0.000573s ]
INFO: [ view_parse ] --START--
INFO: [ template_filter ] --START--
INFO: Run Behavior\ContentReplaceBehavior [ RunTime:0.000062s ]
INFO: [ template_filter ] --END-- [ RunTime:0.000085s ]
NOTIC: [8] Undefined variable: array D:\PHP\Apache24\htdocs\lwblog\Application\Runtime\Cache\Home\fb299451ca09276f4008b6a8cee8aa37.php 第 138 行.
NOTIC: [8] Undefined variable: settings D:\PHP\Apache24\htdocs\lwblog\Application\Runtime\Cache\Home\fb299451ca09276f4008b6a8cee8aa37.php 第 180 行.
INFO: Run Behavior\ParseTemplateBehavior [ RunTime:0.028299s ]
INFO: [ view_parse ] --END-- [ RunTime:0.028326s ]
INFO: [ view_filter ] --START--
INFO: Run Behavior\WriteHtmlCacheBehavior [ RunTime:0.000520s ]
INFO: [ view_filter ] --END-- [ RunTime:0.000541s ]
INFO: [ app_end ] --START--
INFO: Run Behavior\ShowPageTraceBehavior [ RunTime:0.000773s ]
INFO: [ app_end ] --END-- [ RunTime:0.000820s ]

[ 2017-12-19T14:52:19+08:00 ] ::1 /lwblog/index.php/Home/home/user/id/15.html
INFO: [ app_init ] --START--
INFO: Run Behavior\BuildLiteBehavior [ RunTime:0.000009s ]
INFO: [ app_init ] --END-- [ RunTime:0.000403s ]
INFO: [ app_begin ] --START--
INFO: Run Behavior\ReadHtmlCacheBehavior [ RunTime:0.000495s ]
INFO: [ app_begin ] --END-- [ RunTime:0.000520s ]
INFO: [ view_parse ] --START--
INFO: [ template_filter ] --START--
INFO: Run Behavior\ContentReplaceBehavior [ RunTime:0.000095s ]
INFO: [ template_filter ] --END-- [ RunTime:0.000115s ]
NOTIC: [8] Undefined variable: array D:\PHP\Apache24\htdocs\lwblog\Application\Runtime\Cache\Home\fb299451ca09276f4008b6a8cee8aa37.php 第 138 行.
NOTIC: [8] Undefined variable: settings D:\PHP\Apache24\htdocs\lwblog\Application\Runtime\Cache\Home\fb299451ca09276f4008b6a8cee8aa37.php 第 180 行.
INFO: Run Behavior\ParseTemplateBehavior [ RunTime:0.029440s ]
INFO: [ view_parse ] --END-- [ RunTime:0.029462s ]
INFO: [ view_filter ] --START--
INFO: Run Behavior\WriteHtmlCacheBehavior [ RunTime:0.000418s ]
INFO: [ view_filter ] --END-- [ RunTime:0.000434s ]
INFO: [ app_end ] --START--
INFO: Run Behavior\ShowPageTraceBehavior [ RunTime:0.000660s ]
INFO: [ app_end ] --END-- [ RunTime:0.000682s ]

[ 2017-12-19T14:52:19+08:00 ] ::1 /lwblog/index.php/Home/home/user/id/15.html
INFO: [ app_init ] --START--
INFO: Run Behavior\BuildLiteBehavior [ RunTime:0.000009s ]
INFO: [ app_init ] --END-- [ RunTime:0.000322s ]
INFO: [ app_begin ] --START--
INFO: Run Behavior\ReadHtmlCacheBehavior [ RunTime:0.000534s ]
INFO: [ app_begin ] --END-- [ RunTime:0.000557s ]
INFO: [ view_parse ] --START--
INFO: [ template_filter ] --START--
INFO: Run Behavior\ContentReplaceBehavior [ RunTime:0.000091s ]
INFO: [ template_filter ] --END-- [ RunTime:0.000155s ]
NOTIC: [8] Undefined variable: array D:\PHP\Apache24\htdocs\lwblog\Application\Runtime\Cache\Home\fb299451ca09276f4008b6a8cee8aa37.php 第 138 行.
NOTIC: [8] Undefined variable: settings D:\PHP\Apache24\htdocs\lwblog\Application\Runtime\Cache\Home\fb299451ca09276f4008b6a8cee8aa37.php 第 180 行.
INFO: Run Behavior\ParseTemplateBehavior [ RunTime:0.031416s ]
INFO: [ view_parse ] --END-- [ RunTime:0.031442s ]
INFO: [ view_filter ] --START--
INFO: Run Behavior\WriteHtmlCacheBehavior [ RunTime:0.000446s ]
INFO: [ view_filter ] --END-- [ RunTime:0.000467s ]
INFO: [ app_end ] --START--
INFO: Run Behavior\ShowPageTraceBehavior [ RunTime:0.000867s ]
INFO: [ app_end ] --END-- [ RunTime:0.000893s ]

[ 2017-12-19T14:52:21+08:00 ] ::1 /lwblog/index.php/Home/home/case_list.html
INFO: [ app_init ] --START--
INFO: Run Behavior\BuildLiteBehavior [ RunTime:0.000009s ]
INFO: [ app_init ] --END-- [ RunTime:0.000516s ]
INFO: [ app_begin ] --START--
INFO: Run Behavior\ReadHtmlCacheBehavior [ RunTime:0.000638s ]
INFO: [ app_begin ] --END-- [ RunTime:0.000693s ]
SQL: SHOW COLUMNS FROM `info_share` [ RunTime:0.0209s ]
SQL: SELECT COUNT(*) AS tp_count FROM `info_share` LIMIT 1   [ RunTime:0.0004s ]
SQL: SELECT * FROM `info_share` ORDER BY `s_time` desc LIMIT 0,10   [ RunTime:0.0003s ]
INFO: [ view_parse ] --START--
INFO: [ template_filter ] --START--
INFO: Run Behavior\ContentReplaceBehavior [ RunTime:0.000047s ]
INFO: [ template_filter ] --END-- [ RunTime:0.000092s ]
INFO: Run Behavior\ParseTemplateBehavior [ RunTime:0.064922s ]
INFO: [ view_parse ] --END-- [ RunTime:0.064958s ]
INFO: [ view_filter ] --START--
INFO: Run Behavior\WriteHtmlCacheBehavior [ RunTime:0.000403s ]
INFO: [ view_filter ] --END-- [ RunTime:0.000423s ]
INFO: [ app_end ] --START--
INFO: Run Behavior\ShowPageTraceBehavior [ RunTime:0.000565s ]
INFO: [ app_end ] --END-- [ RunTime:0.000588s ]

[ 2017-12-19T14:52:23+08:00 ] ::1 /lwblog/index.php/Home/home/user/id/15.html
INFO: [ app_init ] --START--
INFO: Run Behavior\BuildLiteBehavior [ RunTime:0.000007s ]
INFO: [ app_init ] --END-- [ RunTime:0.000362s ]
INFO: [ app_begin ] --START--
INFO: Run Behavior\ReadHtmlCacheBehavior [ RunTime:0.000680s ]
INFO: [ app_begin ] --END-- [ RunTime:0.000701s ]
INFO: [ view_parse ] --START--
INFO: [ template_filter ] --START--
INFO: Run Behavior\ContentReplaceBehavior [ RunTime:0.000060s ]
INFO: [ template_filter ] --END-- [ RunTime:0.000083s ]
NOTIC: [8] Undefined variable: array D:\PHP\Apache24\htdocs\lwblog\Application\Runtime\Cache\Home\fb299451ca09276f4008b6a8cee8aa37.php 第 138 行.
NOTIC: [8] Undefined variable: settings D:\PHP\Apache24\htdocs\lwblog\Application\Runtime\Cache\Home\fb299451ca09276f4008b6a8cee8aa37.php 第 180 行.
INFO: Run Behavior\ParseTemplateBehavior [ RunTime:0.027546s ]
INFO: [ view_parse ] --END-- [ RunTime:0.027570s ]
INFO: [ view_filter ] --START--
INFO: Run Behavior\WriteHtmlCacheBehavior [ RunTime:0.000585s ]
INFO: [ view_filter ] --END-- [ RunTime:0.000605s ]
INFO: [ app_end ] --START--
INFO: Run Behavior\ShowPageTraceBehavior [ RunTime:0.000780s ]
INFO: [ app_end ] --END-- [ RunTime:0.000805s ]

[ 2017-12-19T15:00:17+08:00 ] ::1 /lwblog/index.php/Home/home/user/id/15.html
INFO: [ app_init ] --START--
INFO: Run Behavior\BuildLiteBehavior [ RunTime:0.000008s ]
INFO: [ app_init ] --END-- [ RunTime:0.000370s ]
INFO: [ app_begin ] --START--
INFO: Run Behavior\ReadHtmlCacheBehavior [ RunTime:0.000680s ]
INFO: [ app_begin ] --END-- [ RunTime:0.000701s ]
ERR: syntax error, unexpected '[', expecting ')'

[ 2017-12-19T15:00:17+08:00 ] ::1 /lwblog/index.php/Home/home/user/id/15.html
INFO: [ app_init ] --START--
INFO: Run Behavior\BuildLiteBehavior [ RunTime:0.000008s ]
INFO: [ app_init ] --END-- [ RunTime:0.000288s ]
INFO: [ app_begin ] --START--
INFO: Run Behavior\ReadHtmlCacheBehavior [ RunTime:0.000467s ]
INFO: [ app_begin ] --END-- [ RunTime:0.000489s ]
ERR: syntax error, unexpected '[', expecting ')'

[ 2017-12-19T15:00:49+08:00 ] ::1 /lwblog/index.php/Home/home/user/id/15.html
INFO: [ app_init ] --START--
INFO: Run Behavior\BuildLiteBehavior [ RunTime:0.000007s ]
INFO: [ app_init ] --END-- [ RunTime:0.000375s ]
INFO: [ app_begin ] --START--
INFO: Run Behavior\ReadHtmlCacheBehavior [ RunTime:0.000703s ]
INFO: [ app_begin ] --END-- [ RunTime:0.000724s ]
ERR: syntax error, unexpected '[', expecting ')'

[ 2017-12-19T15:00:50+08:00 ] ::1 /lwblog/index.php/Home/home/user/id/15.html
INFO: [ app_init ] --START--
INFO: Run Behavior\BuildLiteBehavior [ RunTime:0.000007s ]
INFO: [ app_init ] --END-- [ RunTime:0.000296s ]
INFO: [ app_begin ] --START--
INFO: Run Behavior\ReadHtmlCacheBehavior [ RunTime:0.000470s ]
INFO: [ app_begin ] --END-- [ RunTime:0.000490s ]
ERR: syntax error, unexpected '[', expecting ')'

[ 2017-12-19T15:00:50+08:00 ] ::1 /lwblog/index.php/Home/home/user/id/15.html
INFO: [ app_init ] --START--
INFO: Run Behavior\BuildLiteBehavior [ RunTime:0.000007s ]
INFO: [ app_init ] --END-- [ RunTime:0.000285s ]
INFO: [ app_begin ] --START--
INFO: Run Behavior\ReadHtmlCacheBehavior [ RunTime:0.000467s ]
INFO: [ app_begin ] --END-- [ RunTime:0.000488s ]
ERR: syntax error, unexpected '[', expecting ')'

[ 2017-12-19T15:00:50+08:00 ] ::1 /lwblog/index.php/Home/home/user/id/15.html
INFO: [ app_init ] --START--
INFO: Run Behavior\BuildLiteBehavior [ RunTime:0.000006s ]
INFO: [ app_init ] --END-- [ RunTime:0.000280s ]
INFO: [ app_begin ] --START--
INFO: Run Behavior\ReadHtmlCacheBehavior [ RunTime:0.000512s ]
INFO: [ app_begin ] --END-- [ RunTime:0.000534s ]
ERR: syntax error, unexpected '[', expecting ')'

[ 2017-12-19T15:00:50+08:00 ] ::1 /lwblog/index.php/Home/home/user/id/15.html
INFO: [ app_init ] --START--
INFO: Run Behavior\BuildLiteBehavior [ RunTime:0.000012s ]
INFO: [ app_init ] --END-- [ RunTime:0.000324s ]
INFO: [ app_begin ] --START--
INFO: Run Behavior\ReadHtmlCacheBehavior [ RunTime:0.000765s ]
INFO: [ app_begin ] --END-- [ RunTime:0.000826s ]
ERR: syntax error, unexpected '[', expecting ')'

[ 2017-12-19T15:00:57+08:00 ] ::1 /lwblog/index.php/Home/home/user/id/15.html
INFO: [ app_init ] --START--
INFO: Run Behavior\BuildLiteBehavior [ RunTime:0.000008s ]
INFO: [ app_init ] --END-- [ RunTime:0.000285s ]
INFO: [ app_begin ] --START--
INFO: Run Behavior\ReadHtmlCacheBehavior [ RunTime:0.000458s ]
INFO: [ app_begin ] --END-- [ RunTime:0.000479s ]
ERR: syntax error, unexpected 'public' (T_PUBLIC), expecting end of file

[ 2017-12-19T15:00:58+08:00 ] ::1 /lwblog/index.php/Home/home/user/id/15.html
INFO: [ app_init ] --START--
INFO: Run Behavior\BuildLiteBehavior [ RunTime:0.000007s ]
INFO: [ app_init ] --END-- [ RunTime:0.000294s ]
INFO: [ app_begin ] --START--
INFO: Run Behavior\ReadHtmlCacheBehavior [ RunTime:0.000462s ]
INFO: [ app_begin ] --END-- [ RunTime:0.000483s ]
ERR: syntax error, unexpected 'public' (T_PUBLIC), expecting end of file

[ 2017-12-19T15:00:58+08:00 ] ::1 /lwblog/index.php/Home/home/user/id/15.html
INFO: [ app_init ] --START--
INFO: Run Behavior\BuildLiteBehavior [ RunTime:0.000006s ]
INFO: [ app_init ] --END-- [ RunTime:0.000287s ]
INFO: [ app_begin ] --START--
INFO: Run Behavior\ReadHtmlCacheBehavior [ RunTime:0.000453s ]
INFO: [ app_begin ] --END-- [ RunTime:0.000475s ]
ERR: syntax error, unexpected 'public' (T_PUBLIC), expecting end of file

[ 2017-12-19T15:01:22+08:00 ] ::1 /lwblog/index.php/Home/home/user/id/15.html
INFO: [ app_init ] --START--
INFO: Run Behavior\BuildLiteBehavior [ RunTime:0.000006s ]
INFO: [ app_init ] --END-- [ RunTime:0.000275s ]
INFO: [ app_begin ] --START--
INFO: Run Behavior\ReadHtmlCacheBehavior [ RunTime:0.000474s ]
INFO: [ app_begin ] --END-- [ RunTime:0.000496s ]
ERR: syntax error, unexpected 'public' (T_PUBLIC), expecting end of file

[ 2017-12-19T15:01:22+08:00 ] ::1 /lwblog/index.php/Home/home/user/id/15.html
INFO: [ app_init ] --START--
INFO: Run Behavior\BuildLiteBehavior [ RunTime:0.000007s ]
INFO: [ app_init ] --END-- [ RunTime:0.000286s ]
INFO: [ app_begin ] --START--
INFO: Run Behavior\ReadHtmlCacheBehavior [ RunTime:0.000465s ]
INFO: [ app_begin ] --END-- [ RunTime:0.000485s ]
ERR: syntax error, unexpected 'public' (T_PUBLIC), expecting end of file

[ 2017-12-19T15:01:23+08:00 ] ::1 /lwblog/index.php/Home/home/user/id/15.html
INFO: [ app_init ] --START--
INFO: Run Behavior\BuildLiteBehavior [ RunTime:0.000008s ]
INFO: [ app_init ] --END-- [ RunTime:0.000302s ]
INFO: [ app_begin ] --START--
INFO: Run Behavior\ReadHtmlCacheBehavior [ RunTime:0.000492s ]
INFO: [ app_begin ] --END-- [ RunTime:0.000513s ]
ERR: syntax error, unexpected 'public' (T_PUBLIC), expecting end of file

[ 2017-12-19T15:03:51+08:00 ] ::1 /lwblog/index.php/Home/home/user/id/15.html
INFO: [ app_init ] --START--
INFO: Run Behavior\BuildLiteBehavior [ RunTime:0.000007s ]
INFO: [ app_init ] --END-- [ RunTime:0.000365s ]
INFO: [ app_begin ] --START--
INFO: Run Behavior\ReadHtmlCacheBehavior [ RunTime:0.000681s ]
INFO: [ app_begin ] --END-- [ RunTime:0.000702s ]
ERR: syntax error, unexpected 'public' (T_PUBLIC), expecting end of file

[ 2017-12-19T15:03:53+08:00 ] ::1 /lwblog/index.php/Home/home/case_list.html
INFO: [ app_init ] --START--
INFO: Run Behavior\BuildLiteBehavior [ RunTime:0.000006s ]
INFO: [ app_init ] --END-- [ RunTime:0.000353s ]
INFO: [ app_begin ] --START--
INFO: Run Behavior\ReadHtmlCacheBehavior [ RunTime:0.000442s ]
INFO: [ app_begin ] --END-- [ RunTime:0.000462s ]
ERR: syntax error, unexpected 'public' (T_PUBLIC), expecting end of file

[ 2017-12-19T15:04:13+08:00 ] ::1 /lwblog/index.php/Home/home/user/id/15.html
INFO: [ app_init ] --START--
INFO: Run Behavior\BuildLiteBehavior [ RunTime:0.000008s ]
INFO: [ app_init ] --END-- [ RunTime:0.000374s ]
INFO: [ app_begin ] --START--
INFO: Run Behavior\ReadHtmlCacheBehavior [ RunTime:0.000688s ]
INFO: [ app_begin ] --END-- [ RunTime:0.000709s ]
ERR: syntax error, unexpected 'public' (T_PUBLIC), expecting end of file

[ 2017-12-19T15:04:16+08:00 ] ::1 /lwblog/index.php/Home/home/user/id/15.html
INFO: [ app_init ] --START--
INFO: Run Behavior\BuildLiteBehavior [ RunTime:0.000017s ]
INFO: [ app_init ] --END-- [ RunTime:0.000447s ]
INFO: [ app_begin ] --START--
INFO: Run Behavior\ReadHtmlCacheBehavior [ RunTime:0.000489s ]
INFO: [ app_begin ] --END-- [ RunTime:0.000511s ]
ERR: syntax error, unexpected 'public' (T_PUBLIC), expecting end of file

[ 2017-12-19T15:04:51+08:00 ] ::1 /lwblog/index.php/Home/home/user/id/15.html
INFO: [ app_init ] --START--
INFO: Run Behavior\BuildLiteBehavior [ RunTime:0.000007s ]
INFO: [ app_init ] --END-- [ RunTime:0.000288s ]
INFO: [ app_begin ] --START--
INFO: Run Behavior\ReadHtmlCacheBehavior [ RunTime:0.000459s ]
INFO: [ app_begin ] --END-- [ RunTime:0.000480s ]
SQL: SHOW COLUMNS FROM `info_user` [ RunTime:0.0475s ]
SQL: SELECT COUNT(*) AS tp_count FROM `info_user` WHERE `id` = 15 LIMIT 1   [ RunTime:0.0474s ]
SQL: SELECT * FROM `info_user` WHERE `id` = 15 LIMIT 0,10   [ RunTime:0.0003s ]
INFO: [ view_parse ] --START--
INFO: [ template_filter ] --START--
INFO: Run Behavior\ContentReplaceBehavior [ RunTime:0.000063s ]
INFO: [ template_filter ] --END-- [ RunTime:0.000087s ]
NOTIC: [8] Undefined index: desc D:\PHP\Apache24\htdocs\lwblog\Application\Runtime\Cache\Home\fb299451ca09276f4008b6a8cee8aa37.php 第 138 行.
NOTIC: [8] Undefined variable: settings D:\PHP\Apache24\htdocs\lwblog\Application\Runtime\Cache\Home\fb299451ca09276f4008b6a8cee8aa37.php 第 186 行.
INFO: Run Behavior\ParseTemplateBehavior [ RunTime:0.039153s ]
INFO: [ view_parse ] --END-- [ RunTime:0.039178s ]
INFO: [ view_filter ] --START--
INFO: Run Behavior\WriteHtmlCacheBehavior [ RunTime:0.000548s ]
INFO: [ view_filter ] --END-- [ RunTime:0.000565s ]
INFO: [ app_end ] --START--
INFO: Run Behavior\ShowPageTraceBehavior [ RunTime:0.000911s ]
INFO: [ app_end ] --END-- [ RunTime:0.000937s ]

[ 2017-12-19T18:18:44+08:00 ] ::1 /lwblog/index.php/Home/home/user/id/15.html
INFO: [ app_init ] --START--
INFO: Run Behavior\BuildLiteBehavior [ RunTime:0.000012s ]
INFO: [ app_init ] --END-- [ RunTime:0.142440s ]
INFO: [ app_begin ] --START--
INFO: Run Behavior\ReadHtmlCacheBehavior [ RunTime:0.086379s ]
INFO: [ app_begin ] --END-- [ RunTime:0.086426s ]
SQL: SHOW COLUMNS FROM `info_user` [ RunTime:1.3574s ]
SQL: SELECT COUNT(*) AS tp_count FROM `info_user` WHERE `id` = 15 LIMIT 1   [ RunTime:0.8136s ]
SQL: SELECT * FROM `info_user` WHERE `id` = 15 LIMIT 0,10   [ RunTime:0.0003s ]
INFO: [ view_parse ] --START--
INFO: [ template_filter ] --START--
INFO: Run Behavior\ContentReplaceBehavior [ RunTime:0.194721s ]
INFO: [ template_filter ] --END-- [ RunTime:0.194760s ]
NOTIC: [8] Undefined index: desc D:\PHP\Apache24\htdocs\lwblog\Application\Runtime\Cache\Home\fb299451ca09276f4008b6a8cee8aa37.php 第 138 行.
NOTIC: [8] Undefined variable: settings D:\PHP\Apache24\htdocs\lwblog\Application\Runtime\Cache\Home\fb299451ca09276f4008b6a8cee8aa37.php 第 186 行.
INFO: Run Behavior\ParseTemplateBehavior [ RunTime:1.856933s ]
INFO: [ view_parse ] --END-- [ RunTime:1.856965s ]
INFO: [ view_filter ] --START--
INFO: Run Behavior\WriteHtmlCacheBehavior [ RunTime:0.208384s ]
INFO: [ view_filter ] --END-- [ RunTime:0.208417s ]
INFO: [ app_end ] --START--
INFO: Run Behavior\ShowPageTraceBehavior [ RunTime:0.173068s ]
INFO: [ app_end ] --END-- [ RunTime:0.173101s ]

[ 2017-12-19T20:10:02+08:00 ] ::1 /lwblog/index.php/Home/home/layout.html
INFO: [ app_init ] --START--
INFO: Run Behavior\BuildLiteBehavior [ RunTime:0.000008s ]
INFO: [ app_init ] --END-- [ RunTime:0.000419s ]
INFO: [ app_begin ] --START--
INFO: Run Behavior\ReadHtmlCacheBehavior [ RunTime:0.000741s ]
INFO: [ app_begin ] --END-- [ RunTime:0.000776s ]
INFO: [ view_parse ] --START--
INFO: [ template_filter ] --START--
INFO: Run Behavior\ContentReplaceBehavior [ RunTime:0.000023s ]
INFO: [ template_filter ] --END-- [ RunTime:0.000048s ]
INFO: Run Behavior\ParseTemplateBehavior [ RunTime:0.021591s ]
INFO: [ view_parse ] --END-- [ RunTime:0.021620s ]
INFO: [ view_filter ] --START--
INFO: Run Behavior\WriteHtmlCacheBehavior [ RunTime:0.000441s ]
INFO: [ view_filter ] --END-- [ RunTime:0.000469s ]
INFO: [ app_end ] --START--
INFO: Run Behavior\ShowPageTraceBehavior [ RunTime:0.000545s ]
INFO: [ app_end ] --END-- [ RunTime:0.000571s ]

[ 2017-12-19T20:10:04+08:00 ] ::1 /lwblog/index.php/Home/home/index
INFO: [ app_init ] --START--
INFO: Run Behavior\BuildLiteBehavior [ RunTime:0.000008s ]
INFO: [ app_init ] --END-- [ RunTime:0.000293s ]
INFO: [ app_begin ] --START--
INFO: Run Behavior\ReadHtmlCacheBehavior [ RunTime:0.000397s ]
INFO: [ app_begin ] --END-- [ RunTime:0.000470s ]
SQL: SHOW COLUMNS FROM `info_blog` [ RunTime:0.1390s ]
SQL: SHOW COLUMNS FROM `info_ad` [ RunTime:0.0340s ]
SQL: SELECT COUNT(*) AS tp_count FROM `info_blog` LIMIT 1   [ RunTime:0.0002s ]
SQL: SELECT COUNT(*) AS tp_count FROM `info_ad` LIMIT 1   [ RunTime:0.0194s ]
SQL: SELECT * FROM `info_ad`  [ RunTime:0.0002s ]
SQL: SELECT * FROM `info_blog` ORDER BY `rtime` desc LIMIT 0,10   [ RunTime:0.0419s ]
SQL: SELECT * FROM `info_blog` ORDER BY `rtime` desc LIMIT 0,5   [ RunTime:0.0004s ]
SQL: SELECT * FROM `info_blog` ORDER BY `looknum` desc LIMIT 0,5   [ RunTime:0.0003s ]
INFO: [ view_parse ] --START--
INFO: [ template_filter ] --START--
INFO: Run Behavior\ContentReplaceBehavior [ RunTime:0.000063s ]
INFO: [ template_filter ] --END-- [ RunTime:0.000087s ]
NOTIC: [8] Undefined index: id D:\PHP\Apache24\htdocs\lwblog\Application\Runtime\Cache\Home\d7afc08e88068689bd04637b9b480409.php 第 49 行.
NOTIC: [8] Undefined variable: settings D:\PHP\Apache24\htdocs\lwblog\Application\Runtime\Cache\Home\d7afc08e88068689bd04637b9b480409.php 第 199 行.
INFO: Run Behavior\ParseTemplateBehavior [ RunTime:0.146740s ]
INFO: [ view_parse ] --END-- [ RunTime:0.146767s ]
INFO: [ view_filter ] --START--
INFO: Run Behavior\WriteHtmlCacheBehavior [ RunTime:0.000314s ]
INFO: [ view_filter ] --END-- [ RunTime:0.000331s ]
INFO: [ app_end ] --START--
INFO: Run Behavior\ShowPageTraceBehavior [ RunTime:0.000581s ]
INFO: [ app_end ] --END-- [ RunTime:0.000613s ]

